<?xml version="1.0" encoding="utf-8"?>
<CoverageSession xmlns:xsd="http://www.w3.org/2001/XMLSchema" xmlns:xsi="http://www.w3.org/2001/XMLSchema-instance" Version="0.0.0.0">
  <Summary numSequencePoints="1395" visitedSequencePoints="1066" numBranchPoints="0" visitedBranchPoints="0" sequenceCoverage="76.42" branchCoverage="0.0" maxCyclomaticComplexity="0" minCyclomaticComplexity="0" maxCrapScore="0" minCrapScore="0" visitedClasses="107" numClasses="136" visitedMethods="295" numMethods="464" />
  <Modules>
    <Module>
      <Summary numSequencePoints="544" visitedSequencePoints="529" numBranchPoints="0" visitedBranchPoints="0" sequenceCoverage="97.24" branchCoverage="0.0" maxCyclomaticComplexity="0" minCyclomaticComplexity="0" maxCrapScore="0" minCrapScore="0" visitedClasses="58" numClasses="59" visitedMethods="116" numMethods="117" />
      <ModuleTime>0001-01-01T00:00:00</ModuleTime>
      <ModuleName>EditMode</ModuleName>
      <Files>
        <File uid="1" fullPath="D:/UnityProject/Game_20240819/Assets/Scripts/Mian.UnitTest/EditMode/Objects/UnitTest_Objects_Clone.cs" />
        <File uid="2" fullPath="D:/UnityProject/Game_20240819/Assets/Scripts/Mian.UnitTest/EditMode/Objects/UnitTest_Objects_New.cs" />
        <File uid="3" fullPath="D:/UnityProject/Game_20240819/Assets/Scripts/Mian.UnitTest/EditMode/RXs/UnitTest_RXsCollection.cs" />
        <File uid="4" fullPath="D:/UnityProject/Game_20240819/Assets/Scripts/Mian.UnitTest/EditMode/RXs/UnitTest_RXsCollection_Readonly.cs" />
        <File uid="5" fullPath="D:/UnityProject/Game_20240819/Assets/Scripts/Mian.UnitTest/EditMode/RXs/UnitTest_RXsEventHandler.cs" />
        <File uid="6" fullPath="D:/UnityProject/Game_20240819/Assets/Scripts/Mian.UnitTest/EditMode/RXs/UnitTest_RXsOperator.cs" />
        <File uid="7" fullPath="D:/UnityProject/Game_20240819/Assets/Scripts/Mian.UnitTest/EditMode/RXs/UnitTest_RXsProperty.cs" />
        <File uid="8" fullPath="D:/UnityProject/Game_20240819/Assets/Scripts/Mian.UnitTest/EditMode/RXs/UnitTest_RXsTool.cs" />
        <File uid="9" fullPath="D:/UnityProject/Game_20240819/Assets/Scripts/Mian.UnitTest/EditMode/RXs/UnitTest_RXsValueOperator.cs" />
      </Files>
      <Classes>
        <Class>
          <Summary numSequencePoints="5" visitedSequencePoints="5" numBranchPoints="0" visitedBranchPoints="0" sequenceCoverage="100.0" branchCoverage="0.0" maxCyclomaticComplexity="0" minCyclomaticComplexity="0" maxCrapScore="0" minCrapScore="0" visitedClasses="1" numClasses="1" visitedMethods="1" numMethods="1" />
          <FullName>Main.UnitTest_Objects_Clone</FullName>
          <Methods>
            <Method visited="true" cyclomaticComplexity="0" nPathComplexity="0" sequenceCoverage="100.0" branchCoverage="0" crapScore="0" isConstructor="false" isStatic="false" isGetter="false" isSetter="false">
              <Summary numSequencePoints="5" visitedSequencePoints="5" numBranchPoints="0" visitedBranchPoints="0" sequenceCoverage="100.0" branchCoverage="0" maxCyclomaticComplexity="0" minCyclomaticComplexity="0" maxCrapScore="0" minCrapScore="0" visitedClasses="0" numClasses="0" visitedMethods="1" numMethods="1" />
              <MetadataToken>100663299</MetadataToken>
              <Name>System.Void Main.UnitTest_Objects_Clone::Test_Clone(System.Boolean, System.Object, Main.Objects/CustomCloneAttribute, System.Object[])</Name>
              <FileRef uid="1" />
              <SequencePoints>
                <SequencePoint vc="4" uspid="1526" ordinal="0" offset="28" sl="12" sc="9" el="12" ec="9" bec="0" bev="0" fileid="1" />
                <SequencePoint vc="4" uspid="1527" ordinal="0" offset="29" sl="13" sc="13" el="13" ec="13" bec="0" bev="0" fileid="1" />
                <SequencePoint vc="2" uspid="1528" ordinal="0" offset="34" sl="13" sc="26" el="13" ec="26" bec="0" bev="0" fileid="1" />
                <SequencePoint vc="2" uspid="1529" ordinal="0" offset="54" sl="14" sc="18" el="14" ec="18" bec="0" bev="0" fileid="1" />
                <SequencePoint vc="4" uspid="1530" ordinal="0" offset="83" sl="15" sc="9" el="15" ec="9" bec="0" bev="0" fileid="1" />
              </SequencePoints>
              <BranchPoints />
            </Method>
          </Methods>
        </Class>
        <Class>
          <Summary numSequencePoints="7" visitedSequencePoints="7" numBranchPoints="0" visitedBranchPoints="0" sequenceCoverage="100.0" branchCoverage="0.0" maxCyclomaticComplexity="0" minCyclomaticComplexity="0" maxCrapScore="0" minCrapScore="0" visitedClasses="1" numClasses="1" visitedMethods="1" numMethods="1" />
          <FullName>Main.UnitTest_Objects_New</FullName>
          <Methods>
            <Method visited="true" cyclomaticComplexity="0" nPathComplexity="0" sequenceCoverage="100.0" branchCoverage="0" crapScore="0" isConstructor="false" isStatic="false" isGetter="false" isSetter="false">
              <Summary numSequencePoints="7" visitedSequencePoints="7" numBranchPoints="0" visitedBranchPoints="0" sequenceCoverage="100.0" branchCoverage="0" maxCyclomaticComplexity="0" minCyclomaticComplexity="0" maxCrapScore="0" minCrapScore="0" visitedClasses="0" numClasses="0" visitedMethods="1" numMethods="1" />
              <MetadataToken>100663302</MetadataToken>
              <Name>System.Void Main.UnitTest_Objects_New::Test_New(System.Boolean, System.Type, Main.Objects/CustomNewAttribute, System.Object[])</Name>
              <FileRef uid="2" />
              <SequencePoints>
                <SequencePoint vc="5" uspid="1531" ordinal="0" offset="28" sl="14" sc="9" el="14" ec="9" bec="0" bev="0" fileid="2" />
                <SequencePoint vc="5" uspid="1532" ordinal="0" offset="29" sl="15" sc="13" el="15" ec="13" bec="0" bev="0" fileid="2" />
                <SequencePoint vc="1" uspid="1533" ordinal="0" offset="34" sl="15" sc="26" el="15" ec="26" bec="0" bev="0" fileid="2" />
                <SequencePoint vc="1" uspid="1534" ordinal="0" offset="35" sl="15" sc="28" el="15" ec="28" bec="0" bev="0" fileid="2" />
                <SequencePoint vc="1" uspid="1535" ordinal="0" offset="53" sl="15" sc="92" el="15" ec="92" bec="0" bev="0" fileid="2" />
                <SequencePoint vc="4" uspid="1536" ordinal="0" offset="55" sl="16" sc="18" el="16" ec="18" bec="0" bev="0" fileid="2" />
                <SequencePoint vc="5" uspid="1537" ordinal="0" offset="84" sl="17" sc="9" el="17" ec="9" bec="0" bev="0" fileid="2" />
              </SequencePoints>
              <BranchPoints />
            </Method>
          </Methods>
        </Class>
        <Class>
          <Summary numSequencePoints="151" visitedSequencePoints="151" numBranchPoints="0" visitedBranchPoints="0" sequenceCoverage="100.0" branchCoverage="0.0" maxCyclomaticComplexity="0" minCyclomaticComplexity="0" maxCrapScore="0" minCrapScore="0" visitedClasses="1" numClasses="1" visitedMethods="23" numMethods="23" />
          <FullName>Main.RXs.UnitTest_RXsCollection</FullName>
          <Methods>
            <Method visited="true" cyclomaticComplexity="0" nPathComplexity="0" sequenceCoverage="100.0" branchCoverage="0" crapScore="0" isConstructor="false" isStatic="true" isGetter="true" isSetter="false">
              <Summary numSequencePoints="1" visitedSequencePoints="1" numBranchPoints="0" visitedBranchPoints="0" sequenceCoverage="100.0" branchCoverage="0" maxCyclomaticComplexity="0" minCyclomaticComplexity="0" maxCrapScore="0" minCrapScore="0" visitedClasses="0" numClasses="0" visitedMethods="1" numMethods="1" />
              <MetadataToken>100663307</MetadataToken>
              <Name>static System.String Main.RXs.UnitTest_RXsCollection::get_item()</Name>
              <FileRef uid="3" />
              <SequencePoints>
                <SequencePoint vc="8" uspid="1538" ordinal="0" offset="0" sl="32" sc="39" el="32" ec="39" bec="0" bev="0" fileid="3" />
              </SequencePoints>
              <BranchPoints />
            </Method>
            <Method visited="true" cyclomaticComplexity="0" nPathComplexity="0" sequenceCoverage="100.0" branchCoverage="0" crapScore="0" isConstructor="false" isStatic="true" isGetter="true" isSetter="false">
              <Summary numSequencePoints="1" visitedSequencePoints="1" numBranchPoints="0" visitedBranchPoints="0" sequenceCoverage="100.0" branchCoverage="0" maxCyclomaticComplexity="0" minCyclomaticComplexity="0" maxCrapScore="0" minCrapScore="0" visitedClasses="0" numClasses="0" visitedMethods="1" numMethods="1" />
              <MetadataToken>100663308</MetadataToken>
              <Name>static System.String Main.RXs.UnitTest_RXsCollection::get_newItem()</Name>
              <FileRef uid="3" />
              <SequencePoints>
                <SequencePoint vc="82" uspid="1539" ordinal="0" offset="0" sl="33" sc="42" el="33" ec="42" bec="0" bev="0" fileid="3" />
              </SequencePoints>
              <BranchPoints />
            </Method>
            <Method visited="true" cyclomaticComplexity="0" nPathComplexity="0" sequenceCoverage="100.0" branchCoverage="0" crapScore="0" isConstructor="false" isStatic="false" isGetter="false" isSetter="false">
              <Summary numSequencePoints="12" visitedSequencePoints="12" numBranchPoints="0" visitedBranchPoints="0" sequenceCoverage="100.0" branchCoverage="0" maxCyclomaticComplexity="0" minCyclomaticComplexity="0" maxCrapScore="0" minCrapScore="0" visitedClasses="0" numClasses="0" visitedMethods="1" numMethods="1" />
              <MetadataToken>100663309</MetadataToken>
              <Name>System.Void Main.RXs.UnitTest_RXsCollection::SetUp()</Name>
              <FileRef uid="3" />
              <SequencePoints>
                <SequencePoint vc="105" uspid="1540" ordinal="0" offset="0" sl="37" sc="9" el="37" ec="9" bec="0" bev="0" fileid="3" />
                <SequencePoint vc="105" uspid="1541" ordinal="0" offset="1" sl="38" sc="13" el="38" ec="13" bec="0" bev="0" fileid="3" />
                <SequencePoint vc="105" uspid="1542" ordinal="0" offset="7" sl="39" sc="13" el="39" ec="13" bec="0" bev="0" fileid="3" />
                <SequencePoint vc="105" uspid="1543" ordinal="0" offset="23" sl="40" sc="13" el="40" ec="13" bec="0" bev="0" fileid="3" />
                <SequencePoint vc="105" uspid="1544" ordinal="0" offset="60" sl="41" sc="13" el="41" ec="13" bec="0" bev="0" fileid="3" />
                <SequencePoint vc="105" uspid="1545" ordinal="0" offset="61" sl="41" sc="34" el="41" ec="34" bec="0" bev="0" fileid="3" />
                <SequencePoint vc="315" uspid="1546" ordinal="0" offset="74" sl="41" sc="22" el="41" ec="22" bec="0" bev="0" fileid="3" />
                <SequencePoint vc="315" uspid="1547" ordinal="0" offset="81" sl="42" sc="13" el="42" ec="13" bec="0" bev="0" fileid="3" />
                <SequencePoint vc="315" uspid="1548" ordinal="0" offset="82" sl="43" sc="17" el="43" ec="17" bec="0" bev="0" fileid="3" />
                <SequencePoint vc="315" uspid="1549" ordinal="0" offset="100" sl="44" sc="13" el="44" ec="13" bec="0" bev="0" fileid="3" />
                <SequencePoint vc="420" uspid="1550" ordinal="0" offset="101" sl="41" sc="31" el="41" ec="31" bec="0" bev="0" fileid="3" />
                <SequencePoint vc="105" uspid="1551" ordinal="0" offset="122" sl="45" sc="9" el="45" ec="9" bec="0" bev="0" fileid="3" />
              </SequencePoints>
              <BranchPoints />
            </Method>
            <Method visited="true" cyclomaticComplexity="0" nPathComplexity="0" sequenceCoverage="100.0" branchCoverage="0" crapScore="0" isConstructor="false" isStatic="false" isGetter="false" isSetter="false">
              <Summary numSequencePoints="5" visitedSequencePoints="5" numBranchPoints="0" visitedBranchPoints="0" sequenceCoverage="100.0" branchCoverage="0" maxCyclomaticComplexity="0" minCyclomaticComplexity="0" maxCrapScore="0" minCrapScore="0" visitedClasses="0" numClasses="0" visitedMethods="1" numMethods="1" />
              <MetadataToken>100663310</MetadataToken>
              <Name>System.Void Main.RXs.UnitTest_RXsCollection::Add(System.Boolean, System.Boolean)</Name>
              <FileRef uid="3" />
              <SequencePoints>
                <SequencePoint vc="4" uspid="1552" ordinal="0" offset="0" sl="48" sc="9" el="48" ec="9" bec="0" bev="0" fileid="3" />
                <SequencePoint vc="4" uspid="1553" ordinal="0" offset="1" sl="49" sc="13" el="49" ec="13" bec="0" bev="0" fileid="3" />
                <SequencePoint vc="4" uspid="1554" ordinal="0" offset="20" sl="50" sc="13" el="50" ec="13" bec="0" bev="0" fileid="3" />
                <SequencePoint vc="4" uspid="1555" ordinal="0" offset="59" sl="51" sc="13" el="51" ec="13" bec="0" bev="0" fileid="3" />
                <SequencePoint vc="4" uspid="1556" ordinal="0" offset="81" sl="52" sc="9" el="52" ec="9" bec="0" bev="0" fileid="3" />
              </SequencePoints>
              <BranchPoints />
            </Method>
            <Method visited="true" cyclomaticComplexity="0" nPathComplexity="0" sequenceCoverage="100.0" branchCoverage="0" crapScore="0" isConstructor="false" isStatic="false" isGetter="false" isSetter="false">
              <Summary numSequencePoints="11" visitedSequencePoints="11" numBranchPoints="0" visitedBranchPoints="0" sequenceCoverage="100.0" branchCoverage="0" maxCyclomaticComplexity="0" minCyclomaticComplexity="0" maxCrapScore="0" minCrapScore="0" visitedClasses="0" numClasses="0" visitedMethods="1" numMethods="1" />
              <MetadataToken>100663311</MetadataToken>
              <Name>System.Void Main.RXs.UnitTest_RXsCollection::AddRange(System.Boolean, System.Boolean)</Name>
              <FileRef uid="3" />
              <SequencePoints>
                <SequencePoint vc="4" uspid="1557" ordinal="0" offset="0" sl="55" sc="9" el="55" ec="9" bec="0" bev="0" fileid="3" />
                <SequencePoint vc="4" uspid="1558" ordinal="0" offset="1" sl="56" sc="13" el="56" ec="13" bec="0" bev="0" fileid="3" />
                <SequencePoint vc="4" uspid="1559" ordinal="0" offset="20" sl="57" sc="13" el="57" ec="13" bec="0" bev="0" fileid="3" />
                <SequencePoint vc="4" uspid="1560" ordinal="0" offset="68" sl="58" sc="13" el="58" ec="13" bec="0" bev="0" fileid="3" />
                <SequencePoint vc="4" uspid="1561" ordinal="0" offset="69" sl="58" sc="34" el="58" ec="34" bec="0" bev="0" fileid="3" />
                <SequencePoint vc="12" uspid="1562" ordinal="0" offset="82" sl="58" sc="22" el="58" ec="22" bec="0" bev="0" fileid="3" />
                <SequencePoint vc="12" uspid="1563" ordinal="0" offset="89" sl="58" sc="44" el="58" ec="44" bec="0" bev="0" fileid="3" />
                <SequencePoint vc="12" uspid="1564" ordinal="0" offset="90" sl="58" sc="46" el="58" ec="46" bec="0" bev="0" fileid="3" />
                <SequencePoint vc="12" uspid="1565" ordinal="0" offset="108" sl="58" sc="88" el="58" ec="88" bec="0" bev="0" fileid="3" />
                <SequencePoint vc="16" uspid="1566" ordinal="0" offset="109" sl="58" sc="31" el="58" ec="31" bec="0" bev="0" fileid="3" />
                <SequencePoint vc="4" uspid="1567" ordinal="0" offset="130" sl="59" sc="9" el="59" ec="9" bec="0" bev="0" fileid="3" />
              </SequencePoints>
              <BranchPoints />
            </Method>
            <Method visited="true" cyclomaticComplexity="0" nPathComplexity="0" sequenceCoverage="100.0" branchCoverage="0" crapScore="0" isConstructor="false" isStatic="false" isGetter="false" isSetter="false">
              <Summary numSequencePoints="10" visitedSequencePoints="10" numBranchPoints="0" visitedBranchPoints="0" sequenceCoverage="100.0" branchCoverage="0" maxCyclomaticComplexity="0" minCyclomaticComplexity="0" maxCrapScore="0" minCrapScore="0" visitedClasses="0" numClasses="0" visitedMethods="1" numMethods="1" />
              <MetadataToken>100663312</MetadataToken>
              <Name>System.Void Main.RXs.UnitTest_RXsCollection::Insert(System.Int32, System.Boolean, System.Boolean)</Name>
              <FileRef uid="3" />
              <SequencePoints>
                <SequencePoint vc="28" uspid="1568" ordinal="0" offset="34" sl="62" sc="9" el="62" ec="9" bec="0" bev="0" fileid="3" />
                <SequencePoint vc="28" uspid="1569" ordinal="0" offset="35" sl="63" sc="13" el="63" ec="13" bec="0" bev="0" fileid="3" />
                <SequencePoint vc="28" uspid="1570" ordinal="0" offset="67" sl="64" sc="13" el="64" ec="13" bec="0" bev="0" fileid="3" />
                <SequencePoint vc="12" uspid="1571" ordinal="0" offset="72" sl="64" sc="26" el="64" ec="26" bec="0" bev="0" fileid="3" />
                <SequencePoint vc="12" uspid="1572" ordinal="0" offset="73" sl="64" sc="28" el="64" ec="28" bec="0" bev="0" fileid="3" />
                <SequencePoint vc="12" uspid="1573" ordinal="0" offset="91" sl="64" sc="104" el="64" ec="104" bec="0" bev="0" fileid="3" />
                <SequencePoint vc="16" uspid="1574" ordinal="0" offset="93" sl="65" sc="13" el="65" ec="13" bec="0" bev="0" fileid="3" />
                <SequencePoint vc="16" uspid="1575" ordinal="0" offset="128" sl="66" sc="13" el="66" ec="13" bec="0" bev="0" fileid="3" />
                <SequencePoint vc="16" uspid="1576" ordinal="0" offset="166" sl="67" sc="13" el="67" ec="13" bec="0" bev="0" fileid="3" />
                <SequencePoint vc="28" uspid="1577" ordinal="0" offset="194" sl="68" sc="9" el="68" ec="9" bec="0" bev="0" fileid="3" />
              </SequencePoints>
              <BranchPoints />
            </Method>
            <Method visited="true" cyclomaticComplexity="0" nPathComplexity="0" sequenceCoverage="100.0" branchCoverage="0" crapScore="0" isConstructor="false" isStatic="false" isGetter="false" isSetter="false">
              <Summary numSequencePoints="5" visitedSequencePoints="5" numBranchPoints="0" visitedBranchPoints="0" sequenceCoverage="100.0" branchCoverage="0" maxCyclomaticComplexity="0" minCyclomaticComplexity="0" maxCrapScore="0" minCrapScore="0" visitedClasses="0" numClasses="0" visitedMethods="1" numMethods="1" />
              <MetadataToken>100663313</MetadataToken>
              <Name>System.Void Main.RXs.UnitTest_RXsCollection::Remove(System.Boolean, System.Boolean)</Name>
              <FileRef uid="3" />
              <SequencePoints>
                <SequencePoint vc="4" uspid="1578" ordinal="0" offset="0" sl="71" sc="9" el="71" ec="9" bec="0" bev="0" fileid="3" />
                <SequencePoint vc="4" uspid="1579" ordinal="0" offset="1" sl="72" sc="13" el="72" ec="13" bec="0" bev="0" fileid="3" />
                <SequencePoint vc="4" uspid="1580" ordinal="0" offset="20" sl="73" sc="13" el="73" ec="13" bec="0" bev="0" fileid="3" />
                <SequencePoint vc="4" uspid="1581" ordinal="0" offset="59" sl="74" sc="13" el="74" ec="13" bec="0" bev="0" fileid="3" />
                <SequencePoint vc="4" uspid="1582" ordinal="0" offset="81" sl="75" sc="9" el="75" ec="9" bec="0" bev="0" fileid="3" />
              </SequencePoints>
              <BranchPoints />
            </Method>
            <Method visited="true" cyclomaticComplexity="0" nPathComplexity="0" sequenceCoverage="100.0" branchCoverage="0" crapScore="0" isConstructor="false" isStatic="false" isGetter="false" isSetter="false">
              <Summary numSequencePoints="9" visitedSequencePoints="9" numBranchPoints="0" visitedBranchPoints="0" sequenceCoverage="100.0" branchCoverage="0" maxCyclomaticComplexity="0" minCyclomaticComplexity="0" maxCrapScore="0" minCrapScore="0" visitedClasses="0" numClasses="0" visitedMethods="1" numMethods="1" />
              <MetadataToken>100663314</MetadataToken>
              <Name>System.Void Main.RXs.UnitTest_RXsCollection::RemoveAt(System.Int32, System.Boolean, System.Boolean)</Name>
              <FileRef uid="3" />
              <SequencePoints>
                <SequencePoint vc="20" uspid="1583" ordinal="0" offset="34" sl="78" sc="9" el="78" ec="9" bec="0" bev="0" fileid="3" />
                <SequencePoint vc="20" uspid="1584" ordinal="0" offset="35" sl="79" sc="13" el="79" ec="13" bec="0" bev="0" fileid="3" />
                <SequencePoint vc="20" uspid="1585" ordinal="0" offset="67" sl="80" sc="13" el="80" ec="13" bec="0" bev="0" fileid="3" />
                <SequencePoint vc="8" uspid="1586" ordinal="0" offset="72" sl="80" sc="26" el="80" ec="26" bec="0" bev="0" fileid="3" />
                <SequencePoint vc="8" uspid="1587" ordinal="0" offset="73" sl="80" sc="28" el="80" ec="28" bec="0" bev="0" fileid="3" />
                <SequencePoint vc="8" uspid="1588" ordinal="0" offset="91" sl="80" sc="103" el="80" ec="103" bec="0" bev="0" fileid="3" />
                <SequencePoint vc="12" uspid="1589" ordinal="0" offset="93" sl="81" sc="13" el="81" ec="13" bec="0" bev="0" fileid="3" />
                <SequencePoint vc="12" uspid="1590" ordinal="0" offset="123" sl="82" sc="13" el="82" ec="13" bec="0" bev="0" fileid="3" />
                <SequencePoint vc="20" uspid="1591" ordinal="0" offset="162" sl="83" sc="9" el="83" ec="9" bec="0" bev="0" fileid="3" />
              </SequencePoints>
              <BranchPoints />
            </Method>
            <Method visited="true" cyclomaticComplexity="0" nPathComplexity="0" sequenceCoverage="100.0" branchCoverage="0" crapScore="0" isConstructor="false" isStatic="false" isGetter="false" isSetter="false">
              <Summary numSequencePoints="4" visitedSequencePoints="4" numBranchPoints="0" visitedBranchPoints="0" sequenceCoverage="100.0" branchCoverage="0" maxCyclomaticComplexity="0" minCyclomaticComplexity="0" maxCrapScore="0" minCrapScore="0" visitedClasses="0" numClasses="0" visitedMethods="1" numMethods="1" />
              <MetadataToken>100663315</MetadataToken>
              <Name>System.Void Main.RXs.UnitTest_RXsCollection::BaforeAdd_Data(System.Int32, System.String)</Name>
              <FileRef uid="3" />
              <SequencePoints>
                <SequencePoint vc="9" uspid="1592" ordinal="0" offset="27" sl="87" sc="9" el="87" ec="9" bec="0" bev="0" fileid="3" />
                <SequencePoint vc="9" uspid="1593" ordinal="0" offset="28" sl="88" sc="13" el="88" ec="13" bec="0" bev="0" fileid="3" />
                <SequencePoint vc="9" uspid="1594" ordinal="0" offset="59" sl="95" sc="13" el="95" ec="13" bec="0" bev="0" fileid="3" />
                <SequencePoint vc="9" uspid="1595" ordinal="0" offset="85" sl="96" sc="9" el="96" ec="9" bec="0" bev="0" fileid="3" />
              </SequencePoints>
              <BranchPoints />
            </Method>
            <Method visited="true" cyclomaticComplexity="0" nPathComplexity="0" sequenceCoverage="100.0" branchCoverage="0" crapScore="0" isConstructor="false" isStatic="false" isGetter="false" isSetter="false">
              <Summary numSequencePoints="6" visitedSequencePoints="6" numBranchPoints="0" visitedBranchPoints="0" sequenceCoverage="100.0" branchCoverage="0" maxCyclomaticComplexity="0" minCyclomaticComplexity="0" maxCrapScore="0" minCrapScore="0" visitedClasses="0" numClasses="0" visitedMethods="1" numMethods="1" />
              <MetadataToken>100663316</MetadataToken>
              <Name>System.Void Main.RXs.UnitTest_RXsCollection::BaforeAdd_Count(System.Boolean)</Name>
              <FileRef uid="3" />
              <SequencePoints>
                <SequencePoint vc="2" uspid="1596" ordinal="0" offset="6" sl="99" sc="9" el="99" ec="9" bec="0" bev="0" fileid="3" />
                <SequencePoint vc="2" uspid="1597" ordinal="0" offset="7" sl="100" sc="13" el="100" ec="13" bec="0" bev="0" fileid="3" />
                <SequencePoint vc="2" uspid="1598" ordinal="0" offset="14" sl="101" sc="13" el="101" ec="13" bec="0" bev="0" fileid="3" />
                <SequencePoint vc="2" uspid="1599" ordinal="0" offset="45" sl="102" sc="13" el="102" ec="13" bec="0" bev="0" fileid="3" />
                <SequencePoint vc="2" uspid="1600" ordinal="0" offset="64" sl="103" sc="13" el="103" ec="13" bec="0" bev="0" fileid="3" />
                <SequencePoint vc="2" uspid="1601" ordinal="0" offset="93" sl="104" sc="9" el="104" ec="9" bec="0" bev="0" fileid="3" />
              </SequencePoints>
              <BranchPoints />
            </Method>
            <Method visited="true" cyclomaticComplexity="0" nPathComplexity="0" sequenceCoverage="100.0" branchCoverage="0" crapScore="0" isConstructor="false" isStatic="false" isGetter="false" isSetter="false">
              <Summary numSequencePoints="5" visitedSequencePoints="5" numBranchPoints="0" visitedBranchPoints="0" sequenceCoverage="100.0" branchCoverage="0" maxCyclomaticComplexity="0" minCyclomaticComplexity="0" maxCrapScore="0" minCrapScore="0" visitedClasses="0" numClasses="0" visitedMethods="1" numMethods="1" />
              <MetadataToken>100663317</MetadataToken>
              <Name>System.Void Main.RXs.UnitTest_RXsCollection::BaforeAdd_IsEnable(System.Boolean)</Name>
              <FileRef uid="3" />
              <SequencePoints>
                <SequencePoint vc="2" uspid="1602" ordinal="0" offset="13" sl="107" sc="9" el="107" ec="9" bec="0" bev="0" fileid="3" />
                <SequencePoint vc="2" uspid="1603" ordinal="0" offset="14" sl="108" sc="13" el="108" ec="13" bec="0" bev="0" fileid="3" />
                <SequencePoint vc="2" uspid="1604" ordinal="0" offset="45" sl="109" sc="13" el="109" ec="13" bec="0" bev="0" fileid="3" />
                <SequencePoint vc="2" uspid="1605" ordinal="0" offset="64" sl="110" sc="13" el="110" ec="13" bec="0" bev="0" fileid="3" />
                <SequencePoint vc="2" uspid="1606" ordinal="0" offset="123" sl="111" sc="9" el="111" ec="9" bec="0" bev="0" fileid="3" />
              </SequencePoints>
              <BranchPoints />
            </Method>
            <Method visited="true" cyclomaticComplexity="0" nPathComplexity="0" sequenceCoverage="100.0" branchCoverage="0" crapScore="0" isConstructor="false" isStatic="false" isGetter="false" isSetter="false">
              <Summary numSequencePoints="6" visitedSequencePoints="6" numBranchPoints="0" visitedBranchPoints="0" sequenceCoverage="100.0" branchCoverage="0" maxCyclomaticComplexity="0" minCyclomaticComplexity="0" maxCrapScore="0" minCrapScore="0" visitedClasses="0" numClasses="0" visitedMethods="1" numMethods="1" />
              <MetadataToken>100663318</MetadataToken>
              <Name>System.Void Main.RXs.UnitTest_RXsCollection::BaforeAdd_Modified(System.String)</Name>
              <FileRef uid="3" />
              <SequencePoints>
                <SequencePoint vc="2" uspid="1607" ordinal="0" offset="13" sl="114" sc="9" el="114" ec="9" bec="0" bev="0" fileid="3" />
                <SequencePoint vc="2" uspid="1608" ordinal="0" offset="14" sl="115" sc="13" el="115" ec="13" bec="0" bev="0" fileid="3" />
                <SequencePoint vc="2" uspid="1609" ordinal="0" offset="29" sl="116" sc="13" el="116" ec="13" bec="0" bev="0" fileid="3" />
                <SequencePoint vc="2" uspid="1610" ordinal="0" offset="60" sl="117" sc="13" el="117" ec="13" bec="0" bev="0" fileid="3" />
                <SequencePoint vc="2" uspid="1611" ordinal="0" offset="79" sl="118" sc="13" el="118" ec="13" bec="0" bev="0" fileid="3" />
                <SequencePoint vc="2" uspid="1612" ordinal="0" offset="130" sl="119" sc="9" el="119" ec="9" bec="0" bev="0" fileid="3" />
              </SequencePoints>
              <BranchPoints />
            </Method>
            <Method visited="true" cyclomaticComplexity="0" nPathComplexity="0" sequenceCoverage="100.0" branchCoverage="0" crapScore="0" isConstructor="false" isStatic="false" isGetter="false" isSetter="false">
              <Summary numSequencePoints="4" visitedSequencePoints="4" numBranchPoints="0" visitedBranchPoints="0" sequenceCoverage="100.0" branchCoverage="0" maxCyclomaticComplexity="0" minCyclomaticComplexity="0" maxCrapScore="0" minCrapScore="0" visitedClasses="0" numClasses="0" visitedMethods="1" numMethods="1" />
              <MetadataToken>100663319</MetadataToken>
              <Name>System.Void Main.RXs.UnitTest_RXsCollection::AfterAdd_Data(System.Int32, System.String)</Name>
              <FileRef uid="3" />
              <SequencePoints>
                <SequencePoint vc="9" uspid="1613" ordinal="0" offset="27" sl="123" sc="9" el="123" ec="9" bec="0" bev="0" fileid="3" />
                <SequencePoint vc="9" uspid="1614" ordinal="0" offset="28" sl="124" sc="13" el="124" ec="13" bec="0" bev="0" fileid="3" />
                <SequencePoint vc="9" uspid="1615" ordinal="0" offset="59" sl="130" sc="13" el="130" ec="13" bec="0" bev="0" fileid="3" />
                <SequencePoint vc="9" uspid="1616" ordinal="0" offset="85" sl="131" sc="9" el="131" ec="9" bec="0" bev="0" fileid="3" />
              </SequencePoints>
              <BranchPoints />
            </Method>
            <Method visited="true" cyclomaticComplexity="0" nPathComplexity="0" sequenceCoverage="100.0" branchCoverage="0" crapScore="0" isConstructor="false" isStatic="false" isGetter="false" isSetter="false">
              <Summary numSequencePoints="8" visitedSequencePoints="8" numBranchPoints="0" visitedBranchPoints="0" sequenceCoverage="100.0" branchCoverage="0" maxCyclomaticComplexity="0" minCyclomaticComplexity="0" maxCrapScore="0" minCrapScore="0" visitedClasses="0" numClasses="0" visitedMethods="1" numMethods="1" />
              <MetadataToken>100663320</MetadataToken>
              <Name>System.Void Main.RXs.UnitTest_RXsCollection::AfterAdd_Count(System.Boolean)</Name>
              <FileRef uid="3" />
              <SequencePoints>
                <SequencePoint vc="2" uspid="1617" ordinal="0" offset="6" sl="134" sc="9" el="134" ec="9" bec="0" bev="0" fileid="3" />
                <SequencePoint vc="2" uspid="1618" ordinal="0" offset="7" sl="135" sc="13" el="135" ec="13" bec="0" bev="0" fileid="3" />
                <SequencePoint vc="2" uspid="1619" ordinal="0" offset="14" sl="136" sc="13" el="136" ec="13" bec="0" bev="0" fileid="3" />
                <SequencePoint vc="2" uspid="1620" ordinal="0" offset="45" sl="137" sc="13" el="137" ec="13" bec="0" bev="0" fileid="3" />
                <SequencePoint vc="2" uspid="1621" ordinal="0" offset="64" sl="138" sc="13" el="138" ec="13" bec="0" bev="0" fileid="3" />
                <SequencePoint vc="1" uspid="1622" ordinal="0" offset="69" sl="138" sc="27" el="138" ec="27" bec="0" bev="0" fileid="3" />
                <SequencePoint vc="1" uspid="1623" ordinal="0" offset="94" sl="139" sc="18" el="139" ec="18" bec="0" bev="0" fileid="3" />
                <SequencePoint vc="2" uspid="1624" ordinal="0" offset="117" sl="140" sc="9" el="140" ec="9" bec="0" bev="0" fileid="3" />
              </SequencePoints>
              <BranchPoints />
            </Method>
            <Method visited="true" cyclomaticComplexity="0" nPathComplexity="0" sequenceCoverage="100.0" branchCoverage="0" crapScore="0" isConstructor="false" isStatic="false" isGetter="false" isSetter="false">
              <Summary numSequencePoints="5" visitedSequencePoints="5" numBranchPoints="0" visitedBranchPoints="0" sequenceCoverage="100.0" branchCoverage="0" maxCyclomaticComplexity="0" minCyclomaticComplexity="0" maxCrapScore="0" minCrapScore="0" visitedClasses="0" numClasses="0" visitedMethods="1" numMethods="1" />
              <MetadataToken>100663321</MetadataToken>
              <Name>System.Void Main.RXs.UnitTest_RXsCollection::AfterAdd_Immediately()</Name>
              <FileRef uid="3" />
              <SequencePoints>
                <SequencePoint vc="1" uspid="1625" ordinal="0" offset="6" sl="143" sc="9" el="143" ec="9" bec="0" bev="0" fileid="3" />
                <SequencePoint vc="1" uspid="1626" ordinal="0" offset="7" sl="144" sc="13" el="144" ec="13" bec="0" bev="0" fileid="3" />
                <SequencePoint vc="1" uspid="1627" ordinal="0" offset="14" sl="145" sc="13" el="145" ec="13" bec="0" bev="0" fileid="3" />
                <SequencePoint vc="1" uspid="1628" ordinal="0" offset="50" sl="146" sc="13" el="146" ec="13" bec="0" bev="0" fileid="3" />
                <SequencePoint vc="1" uspid="1629" ordinal="0" offset="83" sl="147" sc="9" el="147" ec="9" bec="0" bev="0" fileid="3" />
              </SequencePoints>
              <BranchPoints />
            </Method>
            <Method visited="true" cyclomaticComplexity="0" nPathComplexity="0" sequenceCoverage="100.0" branchCoverage="0" crapScore="0" isConstructor="false" isStatic="false" isGetter="false" isSetter="false">
              <Summary numSequencePoints="9" visitedSequencePoints="9" numBranchPoints="0" visitedBranchPoints="0" sequenceCoverage="100.0" branchCoverage="0" maxCyclomaticComplexity="0" minCyclomaticComplexity="0" maxCrapScore="0" minCrapScore="0" visitedClasses="0" numClasses="0" visitedMethods="1" numMethods="1" />
              <MetadataToken>100663322</MetadataToken>
              <Name>System.Void Main.RXs.UnitTest_RXsCollection::AfterAdd_IsEnable(System.Boolean)</Name>
              <FileRef uid="3" />
              <SequencePoints>
                <SequencePoint vc="2" uspid="1630" ordinal="0" offset="13" sl="150" sc="9" el="150" ec="9" bec="0" bev="0" fileid="3" />
                <SequencePoint vc="2" uspid="1631" ordinal="0" offset="14" sl="151" sc="13" el="151" ec="13" bec="0" bev="0" fileid="3" />
                <SequencePoint vc="2" uspid="1632" ordinal="0" offset="21" sl="152" sc="13" el="152" ec="13" bec="0" bev="0" fileid="3" />
                <SequencePoint vc="2" uspid="1633" ordinal="0" offset="52" sl="153" sc="13" el="153" ec="13" bec="0" bev="0" fileid="3" />
                <SequencePoint vc="2" uspid="1634" ordinal="0" offset="83" sl="154" sc="13" el="154" ec="13" bec="0" bev="0" fileid="3" />
                <SequencePoint vc="2" uspid="1635" ordinal="0" offset="102" sl="155" sc="13" el="155" ec="13" bec="0" bev="0" fileid="3" />
                <SequencePoint vc="1" uspid="1636" ordinal="0" offset="112" sl="155" sc="27" el="155" ec="27" bec="0" bev="0" fileid="3" />
                <SequencePoint vc="1" uspid="1637" ordinal="0" offset="137" sl="156" sc="18" el="156" ec="18" bec="0" bev="0" fileid="3" />
                <SequencePoint vc="2" uspid="1638" ordinal="0" offset="160" sl="157" sc="9" el="157" ec="9" bec="0" bev="0" fileid="3" />
              </SequencePoints>
              <BranchPoints />
            </Method>
            <Method visited="true" cyclomaticComplexity="0" nPathComplexity="0" sequenceCoverage="100.0" branchCoverage="0" crapScore="0" isConstructor="false" isStatic="false" isGetter="false" isSetter="false">
              <Summary numSequencePoints="8" visitedSequencePoints="8" numBranchPoints="0" visitedBranchPoints="0" sequenceCoverage="100.0" branchCoverage="0" maxCyclomaticComplexity="0" minCyclomaticComplexity="0" maxCrapScore="0" minCrapScore="0" visitedClasses="0" numClasses="0" visitedMethods="1" numMethods="1" />
              <MetadataToken>100663323</MetadataToken>
              <Name>System.Void Main.RXs.UnitTest_RXsCollection::AfterAdd_Modified(System.String)</Name>
              <FileRef uid="3" />
              <SequencePoints>
                <SequencePoint vc="2" uspid="1639" ordinal="0" offset="13" sl="160" sc="9" el="160" ec="9" bec="0" bev="0" fileid="3" />
                <SequencePoint vc="2" uspid="1640" ordinal="0" offset="14" sl="161" sc="13" el="161" ec="13" bec="0" bev="0" fileid="3" />
                <SequencePoint vc="2" uspid="1641" ordinal="0" offset="29" sl="162" sc="13" el="162" ec="13" bec="0" bev="0" fileid="3" />
                <SequencePoint vc="2" uspid="1642" ordinal="0" offset="36" sl="163" sc="13" el="163" ec="13" bec="0" bev="0" fileid="3" />
                <SequencePoint vc="2" uspid="1643" ordinal="0" offset="67" sl="164" sc="13" el="164" ec="13" bec="0" bev="0" fileid="3" />
                <SequencePoint vc="2" uspid="1644" ordinal="0" offset="98" sl="170" sc="13" el="170" ec="13" bec="0" bev="0" fileid="3" />
                <SequencePoint vc="2" uspid="1645" ordinal="0" offset="117" sl="171" sc="13" el="171" ec="13" bec="0" bev="0" fileid="3" />
                <SequencePoint vc="2" uspid="1646" ordinal="0" offset="140" sl="172" sc="9" el="172" ec="9" bec="0" bev="0" fileid="3" />
              </SequencePoints>
              <BranchPoints />
            </Method>
            <Method visited="true" cyclomaticComplexity="0" nPathComplexity="0" sequenceCoverage="100.0" branchCoverage="0" crapScore="0" isConstructor="false" isStatic="false" isGetter="false" isSetter="false">
              <Summary numSequencePoints="5" visitedSequencePoints="5" numBranchPoints="0" visitedBranchPoints="0" sequenceCoverage="100.0" branchCoverage="0" maxCyclomaticComplexity="0" minCyclomaticComplexity="0" maxCrapScore="0" minCrapScore="0" visitedClasses="0" numClasses="0" visitedMethods="1" numMethods="1" />
              <MetadataToken>100663324</MetadataToken>
              <Name>System.Void Main.RXs.UnitTest_RXsCollection::BeforeRemove_Data(System.String)</Name>
              <FileRef uid="3" />
              <SequencePoints>
                <SequencePoint vc="3" uspid="1647" ordinal="0" offset="20" sl="176" sc="9" el="176" ec="9" bec="0" bev="0" fileid="3" />
                <SequencePoint vc="3" uspid="1648" ordinal="0" offset="21" sl="177" sc="13" el="177" ec="13" bec="0" bev="0" fileid="3" />
                <SequencePoint vc="3" uspid="1649" ordinal="0" offset="44" sl="178" sc="13" el="178" ec="13" bec="0" bev="0" fileid="3" />
                <SequencePoint vc="3" uspid="1650" ordinal="0" offset="75" sl="185" sc="13" el="185" ec="13" bec="0" bev="0" fileid="3" />
                <SequencePoint vc="3" uspid="1651" ordinal="0" offset="95" sl="186" sc="9" el="186" ec="9" bec="0" bev="0" fileid="3" />
              </SequencePoints>
              <BranchPoints />
            </Method>
            <Method visited="true" cyclomaticComplexity="0" nPathComplexity="0" sequenceCoverage="100.0" branchCoverage="0" crapScore="0" isConstructor="false" isStatic="false" isGetter="false" isSetter="false">
              <Summary numSequencePoints="8" visitedSequencePoints="8" numBranchPoints="0" visitedBranchPoints="0" sequenceCoverage="100.0" branchCoverage="0" maxCyclomaticComplexity="0" minCyclomaticComplexity="0" maxCrapScore="0" minCrapScore="0" visitedClasses="0" numClasses="0" visitedMethods="1" numMethods="1" />
              <MetadataToken>100663325</MetadataToken>
              <Name>System.Void Main.RXs.UnitTest_RXsCollection::BeforeRemove_Count(System.Boolean)</Name>
              <FileRef uid="3" />
              <SequencePoints>
                <SequencePoint vc="2" uspid="1652" ordinal="0" offset="6" sl="189" sc="9" el="189" ec="9" bec="0" bev="0" fileid="3" />
                <SequencePoint vc="2" uspid="1653" ordinal="0" offset="7" sl="190" sc="13" el="190" ec="13" bec="0" bev="0" fileid="3" />
                <SequencePoint vc="2" uspid="1654" ordinal="0" offset="14" sl="191" sc="13" el="191" ec="13" bec="0" bev="0" fileid="3" />
                <SequencePoint vc="2" uspid="1655" ordinal="0" offset="45" sl="192" sc="13" el="192" ec="13" bec="0" bev="0" fileid="3" />
                <SequencePoint vc="2" uspid="1656" ordinal="0" offset="60" sl="193" sc="13" el="193" ec="13" bec="0" bev="0" fileid="3" />
                <SequencePoint vc="1" uspid="1657" ordinal="0" offset="65" sl="193" sc="31" el="193" ec="31" bec="0" bev="0" fileid="3" />
                <SequencePoint vc="1" uspid="1658" ordinal="0" offset="90" sl="194" sc="18" el="194" ec="18" bec="0" bev="0" fileid="3" />
                <SequencePoint vc="2" uspid="1659" ordinal="0" offset="113" sl="195" sc="9" el="195" ec="9" bec="0" bev="0" fileid="3" />
              </SequencePoints>
              <BranchPoints />
            </Method>
            <Method visited="true" cyclomaticComplexity="0" nPathComplexity="0" sequenceCoverage="100.0" branchCoverage="0" crapScore="0" isConstructor="false" isStatic="false" isGetter="false" isSetter="false">
              <Summary numSequencePoints="7" visitedSequencePoints="7" numBranchPoints="0" visitedBranchPoints="0" sequenceCoverage="100.0" branchCoverage="0" maxCyclomaticComplexity="0" minCyclomaticComplexity="0" maxCrapScore="0" minCrapScore="0" visitedClasses="0" numClasses="0" visitedMethods="1" numMethods="1" />
              <MetadataToken>100663326</MetadataToken>
              <Name>System.Void Main.RXs.UnitTest_RXsCollection::BeforeRemove_IsEnable(System.Boolean)</Name>
              <FileRef uid="3" />
              <SequencePoints>
                <SequencePoint vc="2" uspid="1660" ordinal="0" offset="13" sl="198" sc="9" el="198" ec="9" bec="0" bev="0" fileid="3" />
                <SequencePoint vc="2" uspid="1661" ordinal="0" offset="14" sl="199" sc="13" el="199" ec="13" bec="0" bev="0" fileid="3" />
                <SequencePoint vc="2" uspid="1662" ordinal="0" offset="45" sl="200" sc="13" el="200" ec="13" bec="0" bev="0" fileid="3" />
                <SequencePoint vc="2" uspid="1663" ordinal="0" offset="60" sl="201" sc="13" el="201" ec="13" bec="0" bev="0" fileid="3" />
                <SequencePoint vc="1" uspid="1664" ordinal="0" offset="70" sl="201" sc="27" el="201" ec="27" bec="0" bev="0" fileid="3" />
                <SequencePoint vc="1" uspid="1665" ordinal="0" offset="111" sl="202" sc="18" el="202" ec="18" bec="0" bev="0" fileid="3" />
                <SequencePoint vc="2" uspid="1666" ordinal="0" offset="148" sl="203" sc="9" el="203" ec="9" bec="0" bev="0" fileid="3" />
              </SequencePoints>
              <BranchPoints />
            </Method>
            <Method visited="true" cyclomaticComplexity="0" nPathComplexity="0" sequenceCoverage="100.0" branchCoverage="0" crapScore="0" isConstructor="false" isStatic="false" isGetter="false" isSetter="false">
              <Summary numSequencePoints="5" visitedSequencePoints="5" numBranchPoints="0" visitedBranchPoints="0" sequenceCoverage="100.0" branchCoverage="0" maxCyclomaticComplexity="0" minCyclomaticComplexity="0" maxCrapScore="0" minCrapScore="0" visitedClasses="0" numClasses="0" visitedMethods="1" numMethods="1" />
              <MetadataToken>100663327</MetadataToken>
              <Name>System.Void Main.RXs.UnitTest_RXsCollection::AfterRemove_Data(System.String)</Name>
              <FileRef uid="3" />
              <SequencePoints>
                <SequencePoint vc="3" uspid="1667" ordinal="0" offset="20" sl="207" sc="9" el="207" ec="9" bec="0" bev="0" fileid="3" />
                <SequencePoint vc="3" uspid="1668" ordinal="0" offset="21" sl="208" sc="13" el="208" ec="13" bec="0" bev="0" fileid="3" />
                <SequencePoint vc="3" uspid="1669" ordinal="0" offset="44" sl="209" sc="13" el="209" ec="13" bec="0" bev="0" fileid="3" />
                <SequencePoint vc="3" uspid="1670" ordinal="0" offset="75" sl="215" sc="13" el="215" ec="13" bec="0" bev="0" fileid="3" />
                <SequencePoint vc="3" uspid="1671" ordinal="0" offset="95" sl="216" sc="9" el="216" ec="9" bec="0" bev="0" fileid="3" />
              </SequencePoints>
              <BranchPoints />
            </Method>
            <Method visited="true" cyclomaticComplexity="0" nPathComplexity="0" sequenceCoverage="100.0" branchCoverage="0" crapScore="0" isConstructor="false" isStatic="false" isGetter="false" isSetter="false">
              <Summary numSequencePoints="8" visitedSequencePoints="8" numBranchPoints="0" visitedBranchPoints="0" sequenceCoverage="100.0" branchCoverage="0" maxCyclomaticComplexity="0" minCyclomaticComplexity="0" maxCrapScore="0" minCrapScore="0" visitedClasses="0" numClasses="0" visitedMethods="1" numMethods="1" />
              <MetadataToken>100663328</MetadataToken>
              <Name>System.Void Main.RXs.UnitTest_RXsCollection::AfterRemove_Count(System.Boolean)</Name>
              <FileRef uid="3" />
              <SequencePoints>
                <SequencePoint vc="2" uspid="1672" ordinal="0" offset="6" sl="219" sc="9" el="219" ec="9" bec="0" bev="0" fileid="3" />
                <SequencePoint vc="2" uspid="1673" ordinal="0" offset="7" sl="220" sc="13" el="220" ec="13" bec="0" bev="0" fileid="3" />
                <SequencePoint vc="2" uspid="1674" ordinal="0" offset="14" sl="221" sc="13" el="221" ec="13" bec="0" bev="0" fileid="3" />
                <SequencePoint vc="2" uspid="1675" ordinal="0" offset="45" sl="222" sc="13" el="222" ec="13" bec="0" bev="0" fileid="3" />
                <SequencePoint vc="2" uspid="1676" ordinal="0" offset="60" sl="223" sc="13" el="223" ec="13" bec="0" bev="0" fileid="3" />
                <SequencePoint vc="1" uspid="1677" ordinal="0" offset="65" sl="223" sc="30" el="223" ec="30" bec="0" bev="0" fileid="3" />
                <SequencePoint vc="1" uspid="1678" ordinal="0" offset="90" sl="224" sc="18" el="224" ec="18" bec="0" bev="0" fileid="3" />
                <SequencePoint vc="2" uspid="1679" ordinal="0" offset="113" sl="225" sc="9" el="225" ec="9" bec="0" bev="0" fileid="3" />
              </SequencePoints>
              <BranchPoints />
            </Method>
            <Method visited="true" cyclomaticComplexity="0" nPathComplexity="0" sequenceCoverage="100.0" branchCoverage="0" crapScore="0" isConstructor="false" isStatic="false" isGetter="false" isSetter="false">
              <Summary numSequencePoints="9" visitedSequencePoints="9" numBranchPoints="0" visitedBranchPoints="0" sequenceCoverage="100.0" branchCoverage="0" maxCyclomaticComplexity="0" minCyclomaticComplexity="0" maxCrapScore="0" minCrapScore="0" visitedClasses="0" numClasses="0" visitedMethods="1" numMethods="1" />
              <MetadataToken>100663329</MetadataToken>
              <Name>System.Void Main.RXs.UnitTest_RXsCollection::AfterRemove_IsEnable(System.Boolean)</Name>
              <FileRef uid="3" />
              <SequencePoints>
                <SequencePoint vc="2" uspid="1680" ordinal="0" offset="13" sl="228" sc="9" el="228" ec="9" bec="0" bev="0" fileid="3" />
                <SequencePoint vc="2" uspid="1681" ordinal="0" offset="14" sl="229" sc="13" el="229" ec="13" bec="0" bev="0" fileid="3" />
                <SequencePoint vc="2" uspid="1682" ordinal="0" offset="21" sl="230" sc="13" el="230" ec="13" bec="0" bev="0" fileid="3" />
                <SequencePoint vc="2" uspid="1683" ordinal="0" offset="52" sl="231" sc="13" el="231" ec="13" bec="0" bev="0" fileid="3" />
                <SequencePoint vc="2" uspid="1684" ordinal="0" offset="83" sl="232" sc="13" el="232" ec="13" bec="0" bev="0" fileid="3" />
                <SequencePoint vc="2" uspid="1685" ordinal="0" offset="98" sl="233" sc="13" el="233" ec="13" bec="0" bev="0" fileid="3" />
                <SequencePoint vc="1" uspid="1686" ordinal="0" offset="108" sl="233" sc="27" el="233" ec="27" bec="0" bev="0" fileid="3" />
                <SequencePoint vc="1" uspid="1687" ordinal="0" offset="133" sl="234" sc="18" el="234" ec="18" bec="0" bev="0" fileid="3" />
                <SequencePoint vc="2" uspid="1688" ordinal="0" offset="156" sl="235" sc="9" el="235" ec="9" bec="0" bev="0" fileid="3" />
              </SequencePoints>
              <BranchPoints />
            </Method>
          </Methods>
        </Class>
        <Class>
          <Summary numSequencePoints="43" visitedSequencePoints="43" numBranchPoints="0" visitedBranchPoints="0" sequenceCoverage="100.0" branchCoverage="0.0" maxCyclomaticComplexity="0" minCyclomaticComplexity="0" maxCrapScore="0" minCrapScore="0" visitedClasses="1" numClasses="1" visitedMethods="7" numMethods="7" />
          <FullName>Main.RXs.UnitTest_RXsCollection_Readonly</FullName>
          <Methods>
            <Method visited="true" cyclomaticComplexity="0" nPathComplexity="0" sequenceCoverage="100.0" branchCoverage="0" crapScore="0" isConstructor="false" isStatic="true" isGetter="true" isSetter="false">
              <Summary numSequencePoints="1" visitedSequencePoints="1" numBranchPoints="0" visitedBranchPoints="0" sequenceCoverage="100.0" branchCoverage="0" maxCyclomaticComplexity="0" minCyclomaticComplexity="0" maxCrapScore="0" minCrapScore="0" visitedClasses="0" numClasses="0" visitedMethods="1" numMethods="1" />
              <MetadataToken>100663334</MetadataToken>
              <Name>static System.String Main.RXs.UnitTest_RXsCollection_Readonly::get_newItem()</Name>
              <FileRef uid="4" />
              <SequencePoints>
                <SequencePoint vc="2" uspid="1690" ordinal="0" offset="0" sl="33" sc="42" el="33" ec="42" bec="0" bev="0" fileid="4" />
              </SequencePoints>
              <BranchPoints />
            </Method>
            <Method visited="true" cyclomaticComplexity="0" nPathComplexity="0" sequenceCoverage="100.0" branchCoverage="0" crapScore="0" isConstructor="false" isStatic="false" isGetter="false" isSetter="false">
              <Summary numSequencePoints="12" visitedSequencePoints="12" numBranchPoints="0" visitedBranchPoints="0" sequenceCoverage="100.0" branchCoverage="0" maxCyclomaticComplexity="0" minCyclomaticComplexity="0" maxCrapScore="0" minCrapScore="0" visitedClasses="0" numClasses="0" visitedMethods="1" numMethods="1" />
              <MetadataToken>100663335</MetadataToken>
              <Name>System.Void Main.RXs.UnitTest_RXsCollection_Readonly::SetUp()</Name>
              <FileRef uid="4" />
              <SequencePoints>
                <SequencePoint vc="17" uspid="1691" ordinal="0" offset="0" sl="37" sc="9" el="37" ec="9" bec="0" bev="0" fileid="4" />
                <SequencePoint vc="17" uspid="1692" ordinal="0" offset="1" sl="38" sc="13" el="38" ec="13" bec="0" bev="0" fileid="4" />
                <SequencePoint vc="17" uspid="1693" ordinal="0" offset="7" sl="39" sc="13" el="39" ec="13" bec="0" bev="0" fileid="4" />
                <SequencePoint vc="17" uspid="1694" ordinal="0" offset="23" sl="40" sc="13" el="40" ec="13" bec="0" bev="0" fileid="4" />
                <SequencePoint vc="17" uspid="1695" ordinal="0" offset="60" sl="41" sc="13" el="41" ec="13" bec="0" bev="0" fileid="4" />
                <SequencePoint vc="17" uspid="1696" ordinal="0" offset="61" sl="41" sc="34" el="41" ec="34" bec="0" bev="0" fileid="4" />
                <SequencePoint vc="51" uspid="1697" ordinal="0" offset="74" sl="41" sc="22" el="41" ec="22" bec="0" bev="0" fileid="4" />
                <SequencePoint vc="51" uspid="1698" ordinal="0" offset="81" sl="42" sc="13" el="42" ec="13" bec="0" bev="0" fileid="4" />
                <SequencePoint vc="51" uspid="1699" ordinal="0" offset="82" sl="43" sc="17" el="43" ec="17" bec="0" bev="0" fileid="4" />
                <SequencePoint vc="51" uspid="1700" ordinal="0" offset="100" sl="44" sc="13" el="44" ec="13" bec="0" bev="0" fileid="4" />
                <SequencePoint vc="68" uspid="1701" ordinal="0" offset="101" sl="41" sc="31" el="41" ec="31" bec="0" bev="0" fileid="4" />
                <SequencePoint vc="17" uspid="1702" ordinal="0" offset="122" sl="45" sc="9" el="45" ec="9" bec="0" bev="0" fileid="4" />
              </SequencePoints>
              <BranchPoints />
            </Method>
            <Method visited="true" cyclomaticComplexity="0" nPathComplexity="0" sequenceCoverage="100.0" branchCoverage="0" crapScore="0" isConstructor="false" isStatic="false" isGetter="false" isSetter="false">
              <Summary numSequencePoints="4" visitedSequencePoints="4" numBranchPoints="0" visitedBranchPoints="0" sequenceCoverage="100.0" branchCoverage="0" maxCyclomaticComplexity="0" minCyclomaticComplexity="0" maxCrapScore="0" minCrapScore="0" visitedClasses="0" numClasses="0" visitedMethods="1" numMethods="1" />
              <MetadataToken>100663336</MetadataToken>
              <Name>System.Void Main.RXs.UnitTest_RXsCollection_Readonly::AfterAdd_Data(System.Int32, System.String)</Name>
              <FileRef uid="4" />
              <SequencePoints>
                <SequencePoint vc="9" uspid="1703" ordinal="0" offset="27" sl="48" sc="9" el="48" ec="9" bec="0" bev="0" fileid="4" />
                <SequencePoint vc="9" uspid="1704" ordinal="0" offset="28" sl="49" sc="13" el="49" ec="13" bec="0" bev="0" fileid="4" />
                <SequencePoint vc="9" uspid="1705" ordinal="0" offset="59" sl="55" sc="13" el="55" ec="13" bec="0" bev="0" fileid="4" />
                <SequencePoint vc="9" uspid="1706" ordinal="0" offset="90" sl="56" sc="9" el="56" ec="9" bec="0" bev="0" fileid="4" />
              </SequencePoints>
              <BranchPoints />
            </Method>
            <Method visited="true" cyclomaticComplexity="0" nPathComplexity="0" sequenceCoverage="100.0" branchCoverage="0" crapScore="0" isConstructor="false" isStatic="false" isGetter="false" isSetter="false">
              <Summary numSequencePoints="8" visitedSequencePoints="8" numBranchPoints="0" visitedBranchPoints="0" sequenceCoverage="100.0" branchCoverage="0" maxCyclomaticComplexity="0" minCyclomaticComplexity="0" maxCrapScore="0" minCrapScore="0" visitedClasses="0" numClasses="0" visitedMethods="1" numMethods="1" />
              <MetadataToken>100663337</MetadataToken>
              <Name>System.Void Main.RXs.UnitTest_RXsCollection_Readonly::AfterAdd_Count(System.Boolean)</Name>
              <FileRef uid="4" />
              <SequencePoints>
                <SequencePoint vc="2" uspid="1707" ordinal="0" offset="6" sl="59" sc="9" el="59" ec="9" bec="0" bev="0" fileid="4" />
                <SequencePoint vc="2" uspid="1708" ordinal="0" offset="7" sl="60" sc="13" el="60" ec="13" bec="0" bev="0" fileid="4" />
                <SequencePoint vc="2" uspid="1709" ordinal="0" offset="14" sl="61" sc="13" el="61" ec="13" bec="0" bev="0" fileid="4" />
                <SequencePoint vc="2" uspid="1710" ordinal="0" offset="45" sl="62" sc="13" el="62" ec="13" bec="0" bev="0" fileid="4" />
                <SequencePoint vc="2" uspid="1711" ordinal="0" offset="69" sl="63" sc="13" el="63" ec="13" bec="0" bev="0" fileid="4" />
                <SequencePoint vc="1" uspid="1712" ordinal="0" offset="74" sl="63" sc="27" el="63" ec="27" bec="0" bev="0" fileid="4" />
                <SequencePoint vc="1" uspid="1713" ordinal="0" offset="99" sl="64" sc="18" el="64" ec="18" bec="0" bev="0" fileid="4" />
                <SequencePoint vc="2" uspid="1714" ordinal="0" offset="122" sl="65" sc="9" el="65" ec="9" bec="0" bev="0" fileid="4" />
              </SequencePoints>
              <BranchPoints />
            </Method>
            <Method visited="true" cyclomaticComplexity="0" nPathComplexity="0" sequenceCoverage="100.0" branchCoverage="0" crapScore="0" isConstructor="false" isStatic="false" isGetter="false" isSetter="false">
              <Summary numSequencePoints="5" visitedSequencePoints="5" numBranchPoints="0" visitedBranchPoints="0" sequenceCoverage="100.0" branchCoverage="0" maxCyclomaticComplexity="0" minCyclomaticComplexity="0" maxCrapScore="0" minCrapScore="0" visitedClasses="0" numClasses="0" visitedMethods="1" numMethods="1" />
              <MetadataToken>100663338</MetadataToken>
              <Name>System.Void Main.RXs.UnitTest_RXsCollection_Readonly::AfterAdd_Immediately()</Name>
              <FileRef uid="4" />
              <SequencePoints>
                <SequencePoint vc="1" uspid="1715" ordinal="0" offset="6" sl="68" sc="9" el="68" ec="9" bec="0" bev="0" fileid="4" />
                <SequencePoint vc="1" uspid="1716" ordinal="0" offset="7" sl="69" sc="13" el="69" ec="13" bec="0" bev="0" fileid="4" />
                <SequencePoint vc="1" uspid="1717" ordinal="0" offset="14" sl="70" sc="13" el="70" ec="13" bec="0" bev="0" fileid="4" />
                <SequencePoint vc="1" uspid="1718" ordinal="0" offset="50" sl="71" sc="13" el="71" ec="13" bec="0" bev="0" fileid="4" />
                <SequencePoint vc="1" uspid="1719" ordinal="0" offset="83" sl="72" sc="9" el="72" ec="9" bec="0" bev="0" fileid="4" />
              </SequencePoints>
              <BranchPoints />
            </Method>
            <Method visited="true" cyclomaticComplexity="0" nPathComplexity="0" sequenceCoverage="100.0" branchCoverage="0" crapScore="0" isConstructor="false" isStatic="false" isGetter="false" isSetter="false">
              <Summary numSequencePoints="5" visitedSequencePoints="5" numBranchPoints="0" visitedBranchPoints="0" sequenceCoverage="100.0" branchCoverage="0" maxCyclomaticComplexity="0" minCyclomaticComplexity="0" maxCrapScore="0" minCrapScore="0" visitedClasses="0" numClasses="0" visitedMethods="1" numMethods="1" />
              <MetadataToken>100663339</MetadataToken>
              <Name>System.Void Main.RXs.UnitTest_RXsCollection_Readonly::AfterRemove_Data(System.String)</Name>
              <FileRef uid="4" />
              <SequencePoints>
                <SequencePoint vc="3" uspid="1720" ordinal="0" offset="20" sl="75" sc="9" el="75" ec="9" bec="0" bev="0" fileid="4" />
                <SequencePoint vc="3" uspid="1721" ordinal="0" offset="21" sl="76" sc="13" el="76" ec="13" bec="0" bev="0" fileid="4" />
                <SequencePoint vc="3" uspid="1722" ordinal="0" offset="44" sl="77" sc="13" el="77" ec="13" bec="0" bev="0" fileid="4" />
                <SequencePoint vc="3" uspid="1723" ordinal="0" offset="75" sl="83" sc="13" el="83" ec="13" bec="0" bev="0" fileid="4" />
                <SequencePoint vc="3" uspid="1724" ordinal="0" offset="100" sl="84" sc="9" el="84" ec="9" bec="0" bev="0" fileid="4" />
              </SequencePoints>
              <BranchPoints />
            </Method>
            <Method visited="true" cyclomaticComplexity="0" nPathComplexity="0" sequenceCoverage="100.0" branchCoverage="0" crapScore="0" isConstructor="false" isStatic="false" isGetter="false" isSetter="false">
              <Summary numSequencePoints="8" visitedSequencePoints="8" numBranchPoints="0" visitedBranchPoints="0" sequenceCoverage="100.0" branchCoverage="0" maxCyclomaticComplexity="0" minCyclomaticComplexity="0" maxCrapScore="0" minCrapScore="0" visitedClasses="0" numClasses="0" visitedMethods="1" numMethods="1" />
              <MetadataToken>100663340</MetadataToken>
              <Name>System.Void Main.RXs.UnitTest_RXsCollection_Readonly::AfterRemove_Count(System.Boolean)</Name>
              <FileRef uid="4" />
              <SequencePoints>
                <SequencePoint vc="2" uspid="1725" ordinal="0" offset="6" sl="87" sc="9" el="87" ec="9" bec="0" bev="0" fileid="4" />
                <SequencePoint vc="2" uspid="1726" ordinal="0" offset="7" sl="88" sc="13" el="88" ec="13" bec="0" bev="0" fileid="4" />
                <SequencePoint vc="2" uspid="1727" ordinal="0" offset="14" sl="89" sc="13" el="89" ec="13" bec="0" bev="0" fileid="4" />
                <SequencePoint vc="2" uspid="1728" ordinal="0" offset="45" sl="90" sc="13" el="90" ec="13" bec="0" bev="0" fileid="4" />
                <SequencePoint vc="2" uspid="1729" ordinal="0" offset="65" sl="91" sc="13" el="91" ec="13" bec="0" bev="0" fileid="4" />
                <SequencePoint vc="1" uspid="1730" ordinal="0" offset="70" sl="91" sc="30" el="91" ec="30" bec="0" bev="0" fileid="4" />
                <SequencePoint vc="1" uspid="1731" ordinal="0" offset="95" sl="92" sc="18" el="92" ec="18" bec="0" bev="0" fileid="4" />
                <SequencePoint vc="2" uspid="1732" ordinal="0" offset="118" sl="93" sc="9" el="93" ec="9" bec="0" bev="0" fileid="4" />
              </SequencePoints>
              <BranchPoints />
            </Method>
          </Methods>
        </Class>
        <Class>
          <Summary numSequencePoints="13" visitedSequencePoints="13" numBranchPoints="0" visitedBranchPoints="0" sequenceCoverage="100.0" branchCoverage="0.0" maxCyclomaticComplexity="0" minCyclomaticComplexity="0" maxCrapScore="0" minCrapScore="0" visitedClasses="1" numClasses="1" visitedMethods="1" numMethods="1" />
          <FullName>Main.RXs.UnitTest_RXsEventHandler</FullName>
          <Methods>
            <Method visited="true" cyclomaticComplexity="0" nPathComplexity="0" sequenceCoverage="100.0" branchCoverage="0" crapScore="0" isConstructor="false" isStatic="false" isGetter="false" isSetter="false">
              <Summary numSequencePoints="13" visitedSequencePoints="13" numBranchPoints="0" visitedBranchPoints="0" sequenceCoverage="100.0" branchCoverage="0" maxCyclomaticComplexity="0" minCyclomaticComplexity="0" maxCrapScore="0" minCrapScore="0" visitedClasses="0" numClasses="0" visitedMethods="1" numMethods="1" />
              <MetadataToken>100663342</MetadataToken>
              <Name>System.Void Main.RXs.UnitTest_RXsEventHandler::InvokeAndRecive()</Name>
              <FileRef uid="5" />
              <SequencePoints>
                <SequencePoint vc="1" uspid="1733" ordinal="0" offset="6" sl="10" sc="9" el="10" ec="9" bec="0" bev="0" fileid="5" />
                <SequencePoint vc="1" uspid="1734" ordinal="0" offset="7" sl="11" sc="13" el="11" ec="13" bec="0" bev="0" fileid="5" />
                <SequencePoint vc="1" uspid="1735" ordinal="0" offset="18" sl="12" sc="13" el="12" ec="13" bec="0" bev="0" fileid="5" />
                <SequencePoint vc="1" uspid="1736" ordinal="0" offset="24" sl="13" sc="13" el="13" ec="13" bec="0" bev="0" fileid="5" />
                <SequencePoint vc="1" uspid="1737" ordinal="0" offset="31" sl="14" sc="13" el="14" ec="13" bec="0" bev="0" fileid="5" />
                <SequencePoint vc="1" uspid="1738" ordinal="0" offset="44" sl="19" sc="13" el="19" ec="13" bec="0" bev="0" fileid="5" />
                <SequencePoint vc="1" uspid="1739" ordinal="0" offset="54" sl="20" sc="13" el="20" ec="13" bec="0" bev="0" fileid="5" />
                <SequencePoint vc="1" uspid="1740" ordinal="0" offset="67" sl="21" sc="13" el="21" ec="13" bec="0" bev="0" fileid="5" />
                <SequencePoint vc="1" uspid="1741" ordinal="0" offset="90" sl="22" sc="13" el="22" ec="13" bec="0" bev="0" fileid="5" />
                <SequencePoint vc="1" uspid="1742" ordinal="0" offset="103" sl="23" sc="13" el="23" ec="13" bec="0" bev="0" fileid="5" />
                <SequencePoint vc="1" uspid="1743" ordinal="0" offset="126" sl="24" sc="13" el="24" ec="13" bec="0" bev="0" fileid="5" />
                <SequencePoint vc="1" uspid="1744" ordinal="0" offset="139" sl="25" sc="13" el="25" ec="13" bec="0" bev="0" fileid="5" />
                <SequencePoint vc="1" uspid="1745" ordinal="0" offset="162" sl="26" sc="9" el="26" ec="9" bec="0" bev="0" fileid="5" />
              </SequencePoints>
              <BranchPoints />
            </Method>
          </Methods>
        </Class>
        <Class>
          <Summary numSequencePoints="17" visitedSequencePoints="17" numBranchPoints="0" visitedBranchPoints="0" sequenceCoverage="100.0" branchCoverage="0.0" maxCyclomaticComplexity="0" minCyclomaticComplexity="0" maxCrapScore="0" minCrapScore="0" visitedClasses="1" numClasses="1" visitedMethods="1" numMethods="1" />
          <FullName>Main.RXs.UnitTest_RXsOperator</FullName>
          <Methods>
            <Method visited="true" cyclomaticComplexity="0" nPathComplexity="0" sequenceCoverage="100.0" branchCoverage="0" crapScore="0" isConstructor="false" isStatic="false" isGetter="false" isSetter="false">
              <Summary numSequencePoints="17" visitedSequencePoints="17" numBranchPoints="0" visitedBranchPoints="0" sequenceCoverage="100.0" branchCoverage="0" maxCyclomaticComplexity="0" minCyclomaticComplexity="0" maxCrapScore="0" minCrapScore="0" visitedClasses="0" numClasses="0" visitedMethods="1" numMethods="1" />
              <MetadataToken>100663344</MetadataToken>
              <Name>System.Void Main.RXs.UnitTest_RXsOperator::Test_Where(System.Int32, System.Int32, System.Int32, System.Int32)</Name>
              <FileRef uid="6" />
              <SequencePoints>
                <SequencePoint vc="16" uspid="1746" ordinal="0" offset="21" sl="14" sc="9" el="14" ec="9" bec="0" bev="0" fileid="6" />
                <SequencePoint vc="16" uspid="1747" ordinal="0" offset="22" sl="15" sc="13" el="15" ec="13" bec="0" bev="0" fileid="6" />
                <SequencePoint vc="16" uspid="1748" ordinal="0" offset="30" sl="17" sc="13" el="17" ec="13" bec="0" bev="0" fileid="6" />
                <SequencePoint vc="16" uspid="1749" ordinal="0" offset="37" sl="18" sc="13" el="18" ec="13" bec="0" bev="0" fileid="6" />
                <SequencePoint vc="16" uspid="1750" ordinal="0" offset="92" sl="25" sc="13" el="25" ec="13" bec="0" bev="0" fileid="6" />
                <SequencePoint vc="16" uspid="1751" ordinal="0" offset="99" sl="26" sc="13" el="26" ec="13" bec="0" bev="0" fileid="6" />
                <SequencePoint vc="16" uspid="1752" ordinal="0" offset="135" sl="30" sc="13" el="30" ec="13" bec="0" bev="0" fileid="6" />
                <SequencePoint vc="16" uspid="1753" ordinal="0" offset="156" sl="37" sc="13" el="37" ec="13" bec="0" bev="0" fileid="6" />
                <SequencePoint vc="16" uspid="1754" ordinal="0" offset="167" sl="38" sc="13" el="38" ec="13" bec="0" bev="0" fileid="6" />
                <SequencePoint vc="16" uspid="1755" ordinal="0" offset="172" sl="39" sc="13" el="39" ec="13" bec="0" bev="0" fileid="6" />
                <SequencePoint vc="16" uspid="1756" ordinal="0" offset="181" sl="40" sc="13" el="40" ec="13" bec="0" bev="0" fileid="6" />
                <SequencePoint vc="16" uspid="1757" ordinal="0" offset="190" sl="42" sc="13" el="42" ec="13" bec="0" bev="0" fileid="6" />
                <SequencePoint vc="16" uspid="1758" ordinal="0" offset="207" sl="43" sc="13" el="43" ec="13" bec="0" bev="0" fileid="6" />
                <SequencePoint vc="16" uspid="1759" ordinal="0" offset="224" sl="45" sc="13" el="45" ec="13" bec="0" bev="0" fileid="6" />
                <SequencePoint vc="16" uspid="1760" ordinal="0" offset="239" sl="46" sc="13" el="46" ec="13" bec="0" bev="0" fileid="6" />
                <SequencePoint vc="16" uspid="1761" ordinal="0" offset="263" sl="47" sc="13" el="47" ec="13" bec="0" bev="0" fileid="6" />
                <SequencePoint vc="16" uspid="1762" ordinal="0" offset="287" sl="48" sc="9" el="48" ec="9" bec="0" bev="0" fileid="6" />
              </SequencePoints>
              <BranchPoints />
            </Method>
          </Methods>
        </Class>
        <Class>
          <Summary numSequencePoints="74" visitedSequencePoints="74" numBranchPoints="0" visitedBranchPoints="0" sequenceCoverage="100.0" branchCoverage="0.0" maxCyclomaticComplexity="0" minCyclomaticComplexity="0" maxCrapScore="0" minCrapScore="0" visitedClasses="1" numClasses="1" visitedMethods="13" numMethods="13" />
          <FullName>Main.RXs.UnitTest_RXsProperty</FullName>
          <Methods>
            <Method visited="true" cyclomaticComplexity="0" nPathComplexity="0" sequenceCoverage="100.0" branchCoverage="0" crapScore="0" isConstructor="false" isStatic="false" isGetter="false" isSetter="false">
              <Summary numSequencePoints="4" visitedSequencePoints="4" numBranchPoints="0" visitedBranchPoints="0" sequenceCoverage="100.0" branchCoverage="0" maxCyclomaticComplexity="0" minCyclomaticComplexity="0" maxCrapScore="0" minCrapScore="0" visitedClasses="0" numClasses="0" visitedMethods="1" numMethods="1" />
              <MetadataToken>100663346</MetadataToken>
              <Name>System.Void Main.RXs.UnitTest_RXsProperty::SetUp()</Name>
              <FileRef uid="7" />
              <SequencePoints>
                <SequencePoint vc="18" uspid="1763" ordinal="0" offset="0" sl="12" sc="9" el="12" ec="9" bec="0" bev="0" fileid="7" />
                <SequencePoint vc="18" uspid="1764" ordinal="0" offset="1" sl="13" sc="13" el="13" ec="13" bec="0" bev="0" fileid="7" />
                <SequencePoint vc="18" uspid="1765" ordinal="0" offset="18" sl="14" sc="13" el="14" ec="13" bec="0" bev="0" fileid="7" />
                <SequencePoint vc="18" uspid="1766" ordinal="0" offset="41" sl="15" sc="9" el="15" ec="9" bec="0" bev="0" fileid="7" />
              </SequencePoints>
              <BranchPoints />
            </Method>
            <Method visited="true" cyclomaticComplexity="0" nPathComplexity="0" sequenceCoverage="100.0" branchCoverage="0" crapScore="0" isConstructor="false" isStatic="false" isGetter="false" isSetter="false">
              <Summary numSequencePoints="6" visitedSequencePoints="6" numBranchPoints="0" visitedBranchPoints="0" sequenceCoverage="100.0" branchCoverage="0" maxCyclomaticComplexity="0" minCyclomaticComplexity="0" maxCrapScore="0" minCrapScore="0" visitedClasses="0" numClasses="0" visitedMethods="1" numMethods="1" />
              <MetadataToken>100663347</MetadataToken>
              <Name>System.Void Main.RXs.UnitTest_RXsProperty::SetValue(System.Boolean, System.Boolean)</Name>
              <FileRef uid="7" />
              <SequencePoints>
                <SequencePoint vc="4" uspid="1767" ordinal="0" offset="0" sl="18" sc="9" el="18" ec="9" bec="0" bev="0" fileid="7" />
                <SequencePoint vc="4" uspid="1768" ordinal="0" offset="1" sl="19" sc="13" el="19" ec="13" bec="0" bev="0" fileid="7" />
                <SequencePoint vc="4" uspid="1769" ordinal="0" offset="21" sl="20" sc="13" el="20" ec="13" bec="0" bev="0" fileid="7" />
                <SequencePoint vc="4" uspid="1770" ordinal="0" offset="44" sl="21" sc="13" el="21" ec="13" bec="0" bev="0" fileid="7" />
                <SequencePoint vc="4" uspid="1771" ordinal="0" offset="62" sl="22" sc="13" el="22" ec="13" bec="0" bev="0" fileid="7" />
                <SequencePoint vc="4" uspid="1772" ordinal="0" offset="85" sl="23" sc="9" el="23" ec="9" bec="0" bev="0" fileid="7" />
              </SequencePoints>
              <BranchPoints />
            </Method>
            <Method visited="true" cyclomaticComplexity="0" nPathComplexity="0" sequenceCoverage="100.0" branchCoverage="0" crapScore="0" isConstructor="false" isStatic="false" isGetter="false" isSetter="false">
              <Summary numSequencePoints="4" visitedSequencePoints="4" numBranchPoints="0" visitedBranchPoints="0" sequenceCoverage="100.0" branchCoverage="0" maxCyclomaticComplexity="0" minCyclomaticComplexity="0" maxCrapScore="0" minCrapScore="0" visitedClasses="0" numClasses="0" visitedMethods="1" numMethods="1" />
              <MetadataToken>100663348</MetadataToken>
              <Name>System.Void Main.RXs.UnitTest_RXsProperty::BeforeSet_Data()</Name>
              <FileRef uid="7" />
              <SequencePoints>
                <SequencePoint vc="1" uspid="1773" ordinal="0" offset="0" sl="27" sc="9" el="27" ec="9" bec="0" bev="0" fileid="7" />
                <SequencePoint vc="1" uspid="1774" ordinal="0" offset="1" sl="28" sc="13" el="28" ec="13" bec="0" bev="0" fileid="7" />
                <SequencePoint vc="1" uspid="1775" ordinal="0" offset="32" sl="35" sc="13" el="35" ec="13" bec="0" bev="0" fileid="7" />
                <SequencePoint vc="1" uspid="1776" ordinal="0" offset="50" sl="36" sc="9" el="36" ec="9" bec="0" bev="0" fileid="7" />
              </SequencePoints>
              <BranchPoints />
            </Method>
            <Method visited="true" cyclomaticComplexity="0" nPathComplexity="0" sequenceCoverage="100.0" branchCoverage="0" crapScore="0" isConstructor="false" isStatic="false" isGetter="false" isSetter="false">
              <Summary numSequencePoints="5" visitedSequencePoints="5" numBranchPoints="0" visitedBranchPoints="0" sequenceCoverage="100.0" branchCoverage="0" maxCyclomaticComplexity="0" minCyclomaticComplexity="0" maxCrapScore="0" minCrapScore="0" visitedClasses="0" numClasses="0" visitedMethods="1" numMethods="1" />
              <MetadataToken>100663349</MetadataToken>
              <Name>System.Void Main.RXs.UnitTest_RXsProperty::BeforeSet_Count(System.Boolean)</Name>
              <FileRef uid="7" />
              <SequencePoints>
                <SequencePoint vc="2" uspid="1777" ordinal="0" offset="6" sl="39" sc="9" el="39" ec="9" bec="0" bev="0" fileid="7" />
                <SequencePoint vc="2" uspid="1778" ordinal="0" offset="7" sl="40" sc="13" el="40" ec="13" bec="0" bev="0" fileid="7" />
                <SequencePoint vc="2" uspid="1779" ordinal="0" offset="14" sl="41" sc="13" el="41" ec="13" bec="0" bev="0" fileid="7" />
                <SequencePoint vc="2" uspid="1780" ordinal="0" offset="45" sl="42" sc="13" el="42" ec="13" bec="0" bev="0" fileid="7" />
                <SequencePoint vc="2" uspid="1781" ordinal="0" offset="65" sl="43" sc="9" el="43" ec="9" bec="0" bev="0" fileid="7" />
              </SequencePoints>
              <BranchPoints />
            </Method>
            <Method visited="true" cyclomaticComplexity="0" nPathComplexity="0" sequenceCoverage="100.0" branchCoverage="0" crapScore="0" isConstructor="false" isStatic="false" isGetter="false" isSetter="false">
              <Summary numSequencePoints="8" visitedSequencePoints="8" numBranchPoints="0" visitedBranchPoints="0" sequenceCoverage="100.0" branchCoverage="0" maxCyclomaticComplexity="0" minCyclomaticComplexity="0" maxCrapScore="0" minCrapScore="0" visitedClasses="0" numClasses="0" visitedMethods="1" numMethods="1" />
              <MetadataToken>100663350</MetadataToken>
              <Name>System.Void Main.RXs.UnitTest_RXsProperty::BeforeSet_Modified(System.String)</Name>
              <FileRef uid="7" />
              <SequencePoints>
                <SequencePoint vc="2" uspid="1782" ordinal="0" offset="13" sl="46" sc="9" el="46" ec="9" bec="0" bev="0" fileid="7" />
                <SequencePoint vc="2" uspid="1783" ordinal="0" offset="14" sl="47" sc="13" el="47" ec="13" bec="0" bev="0" fileid="7" />
                <SequencePoint vc="2" uspid="1784" ordinal="0" offset="29" sl="48" sc="13" el="48" ec="13" bec="0" bev="0" fileid="7" />
                <SequencePoint vc="2" uspid="1785" ordinal="0" offset="60" sl="49" sc="13" el="49" ec="13" bec="0" bev="0" fileid="7" />
                <SequencePoint vc="2" uspid="1786" ordinal="0" offset="80" sl="50" sc="13" el="50" ec="13" bec="0" bev="0" fileid="7" />
                <SequencePoint vc="1" uspid="1787" ordinal="0" offset="90" sl="50" sc="30" el="50" ec="30" bec="0" bev="0" fileid="7" />
                <SequencePoint vc="1" uspid="1788" ordinal="0" offset="115" sl="51" sc="18" el="51" ec="18" bec="0" bev="0" fileid="7" />
                <SequencePoint vc="2" uspid="1789" ordinal="0" offset="138" sl="52" sc="9" el="52" ec="9" bec="0" bev="0" fileid="7" />
              </SequencePoints>
              <BranchPoints />
            </Method>
            <Method visited="true" cyclomaticComplexity="0" nPathComplexity="0" sequenceCoverage="100.0" branchCoverage="0" crapScore="0" isConstructor="false" isStatic="false" isGetter="false" isSetter="false">
              <Summary numSequencePoints="7" visitedSequencePoints="7" numBranchPoints="0" visitedBranchPoints="0" sequenceCoverage="100.0" branchCoverage="0" maxCyclomaticComplexity="0" minCyclomaticComplexity="0" maxCrapScore="0" minCrapScore="0" visitedClasses="0" numClasses="0" visitedMethods="1" numMethods="1" />
              <MetadataToken>100663351</MetadataToken>
              <Name>System.Void Main.RXs.UnitTest_RXsProperty::BeforeSet_IsEnable(System.Boolean)</Name>
              <FileRef uid="7" />
              <SequencePoints>
                <SequencePoint vc="2" uspid="1790" ordinal="0" offset="13" sl="55" sc="9" el="55" ec="9" bec="0" bev="0" fileid="7" />
                <SequencePoint vc="2" uspid="1791" ordinal="0" offset="14" sl="56" sc="13" el="56" ec="13" bec="0" bev="0" fileid="7" />
                <SequencePoint vc="2" uspid="1792" ordinal="0" offset="45" sl="57" sc="13" el="57" ec="13" bec="0" bev="0" fileid="7" />
                <SequencePoint vc="2" uspid="1793" ordinal="0" offset="65" sl="58" sc="13" el="58" ec="13" bec="0" bev="0" fileid="7" />
                <SequencePoint vc="1" uspid="1794" ordinal="0" offset="75" sl="58" sc="27" el="58" ec="27" bec="0" bev="0" fileid="7" />
                <SequencePoint vc="1" uspid="1795" ordinal="0" offset="100" sl="59" sc="18" el="59" ec="18" bec="0" bev="0" fileid="7" />
                <SequencePoint vc="2" uspid="1796" ordinal="0" offset="123" sl="60" sc="9" el="60" ec="9" bec="0" bev="0" fileid="7" />
              </SequencePoints>
              <BranchPoints />
            </Method>
            <Method visited="true" cyclomaticComplexity="0" nPathComplexity="0" sequenceCoverage="100.0" branchCoverage="0" crapScore="0" isConstructor="false" isStatic="false" isGetter="false" isSetter="false">
              <Summary numSequencePoints="4" visitedSequencePoints="4" numBranchPoints="0" visitedBranchPoints="0" sequenceCoverage="100.0" branchCoverage="0" maxCyclomaticComplexity="0" minCyclomaticComplexity="0" maxCrapScore="0" minCrapScore="0" visitedClasses="0" numClasses="0" visitedMethods="1" numMethods="1" />
              <MetadataToken>100663352</MetadataToken>
              <Name>System.Void Main.RXs.UnitTest_RXsProperty::AfterSet_Data()</Name>
              <FileRef uid="7" />
              <SequencePoints>
                <SequencePoint vc="1" uspid="1797" ordinal="0" offset="0" sl="64" sc="9" el="64" ec="9" bec="0" bev="0" fileid="7" />
                <SequencePoint vc="1" uspid="1798" ordinal="0" offset="1" sl="65" sc="13" el="65" ec="13" bec="0" bev="0" fileid="7" />
                <SequencePoint vc="1" uspid="1799" ordinal="0" offset="32" sl="71" sc="13" el="71" ec="13" bec="0" bev="0" fileid="7" />
                <SequencePoint vc="1" uspid="1800" ordinal="0" offset="50" sl="72" sc="9" el="72" ec="9" bec="0" bev="0" fileid="7" />
              </SequencePoints>
              <BranchPoints />
            </Method>
            <Method visited="true" cyclomaticComplexity="0" nPathComplexity="0" sequenceCoverage="100.0" branchCoverage="0" crapScore="0" isConstructor="false" isStatic="false" isGetter="false" isSetter="false">
              <Summary numSequencePoints="8" visitedSequencePoints="8" numBranchPoints="0" visitedBranchPoints="0" sequenceCoverage="100.0" branchCoverage="0" maxCyclomaticComplexity="0" minCyclomaticComplexity="0" maxCrapScore="0" minCrapScore="0" visitedClasses="0" numClasses="0" visitedMethods="1" numMethods="1" />
              <MetadataToken>100663353</MetadataToken>
              <Name>System.Void Main.RXs.UnitTest_RXsProperty::AfterSet_Count(System.Boolean)</Name>
              <FileRef uid="7" />
              <SequencePoints>
                <SequencePoint vc="2" uspid="1801" ordinal="0" offset="6" sl="75" sc="9" el="75" ec="9" bec="0" bev="0" fileid="7" />
                <SequencePoint vc="2" uspid="1802" ordinal="0" offset="7" sl="76" sc="13" el="76" ec="13" bec="0" bev="0" fileid="7" />
                <SequencePoint vc="2" uspid="1803" ordinal="0" offset="14" sl="77" sc="13" el="77" ec="13" bec="0" bev="0" fileid="7" />
                <SequencePoint vc="2" uspid="1804" ordinal="0" offset="45" sl="78" sc="13" el="78" ec="13" bec="0" bev="0" fileid="7" />
                <SequencePoint vc="2" uspid="1805" ordinal="0" offset="65" sl="79" sc="13" el="79" ec="13" bec="0" bev="0" fileid="7" />
                <SequencePoint vc="1" uspid="1806" ordinal="0" offset="70" sl="79" sc="27" el="79" ec="27" bec="0" bev="0" fileid="7" />
                <SequencePoint vc="1" uspid="1807" ordinal="0" offset="95" sl="80" sc="18" el="80" ec="18" bec="0" bev="0" fileid="7" />
                <SequencePoint vc="2" uspid="1808" ordinal="0" offset="118" sl="81" sc="9" el="81" ec="9" bec="0" bev="0" fileid="7" />
              </SequencePoints>
              <BranchPoints />
            </Method>
            <Method visited="true" cyclomaticComplexity="0" nPathComplexity="0" sequenceCoverage="100.0" branchCoverage="0" crapScore="0" isConstructor="false" isStatic="false" isGetter="false" isSetter="false">
[...]
              <Summary numSequencePoints="7" visitedSequencePoints="0" numBranchPoints="0" visitedBranchPoints="0" sequenceCoverage="0.0" branchCoverage="0" maxCyclomaticComplexity="0" minCyclomaticComplexity="0" maxCrapScore="0" minCrapScore="0" visitedClasses="0" numClasses="0" visitedMethods="0" numMethods="1" />
              <MetadataToken>100663804</MetadataToken>
              <Name>static Main.RXs.RXsValueOperatorExtensionRXsCollectionToOperator[TSource]/EventArgs Main.RXs.RXsValueOperatorExtensionRXsCollectionToOperator[TSource]/EventArgs::GetFromReusePool(Main.RXs.IRXsCollection_Readonly[TSource], System.Int32, TSource)</Name>
              <FileRef uid="54" />
              <SequencePoints>
                <SequencePoint vc="0" uspid="3001" ordinal="0" offset="0" sl="42" sc="0" el="42" ec="0" bec="0" bev="0" fileid="54" />
                <SequencePoint vc="0" uspid="3002" ordinal="0" offset="1" sl="43" sc="0" el="43" ec="0" bec="0" bev="0" fileid="54" />
                <SequencePoint vc="0" uspid="3003" ordinal="0" offset="8" sl="44" sc="0" el="44" ec="0" bec="0" bev="0" fileid="54" />
                <SequencePoint vc="0" uspid="3004" ordinal="0" offset="16" sl="45" sc="0" el="45" ec="0" bec="0" bev="0" fileid="54" />
                <SequencePoint vc="0" uspid="3005" ordinal="0" offset="24" sl="46" sc="0" el="46" ec="0" bec="0" bev="0" fileid="54" />
                <SequencePoint vc="0" uspid="3006" ordinal="0" offset="32" sl="47" sc="0" el="47" ec="0" bec="0" bev="0" fileid="54" />
                <SequencePoint vc="0" uspid="3007" ordinal="0" offset="36" sl="48" sc="0" el="48" ec="0" bec="0" bev="0" fileid="54" />
              </SequencePoints>
              <BranchPoints />
            </Method>
            <Method visited="false" cyclomaticComplexity="0" nPathComplexity="0" sequenceCoverage="0.0" branchCoverage="0" crapScore="0" isConstructor="false" isStatic="false" isGetter="false" isSetter="false">
              <Summary numSequencePoints="1" visitedSequencePoints="0" numBranchPoints="0" visitedBranchPoints="0" sequenceCoverage="0.0" branchCoverage="0" maxCyclomaticComplexity="0" minCyclomaticComplexity="0" maxCrapScore="0" minCrapScore="0" visitedClasses="0" numClasses="0" visitedMethods="0" numMethods="1" />
              <MetadataToken>100663805</MetadataToken>
              <Name>System.Void Main.RXs.RXsValueOperatorExtensionRXsCollectionToOperator[TSource]/EventArgs.System.IDisposable::Dispose()</Name>
              <FileRef uid="54" />
              <SequencePoints>
                <SequencePoint vc="0" uspid="3008" ordinal="0" offset="0" sl="49" sc="0" el="49" ec="0" bec="0" bev="0" fileid="54" />
              </SequencePoints>
              <BranchPoints />
            </Method>
          </Methods>
        </Class>
        <Class>
          <Summary numSequencePoints="12" visitedSequencePoints="12" numBranchPoints="0" visitedBranchPoints="0" sequenceCoverage="100.0" branchCoverage="0.0" maxCyclomaticComplexity="0" minCyclomaticComplexity="0" maxCrapScore="0" minCrapScore="0" visitedClasses="1" numClasses="1" visitedMethods="6" numMethods="6" />
          <FullName>Main.RXs.RXsValueOperatorExtension/RXsCollectionToOperator/EventArgs</FullName>
          <Methods>
            <Method visited="true" cyclomaticComplexity="0" nPathComplexity="0" sequenceCoverage="100.0" branchCoverage="0" crapScore="0" isConstructor="false" isStatic="false" isGetter="false" isSetter="true">
              <Summary numSequencePoints="1" visitedSequencePoints="1" numBranchPoints="0" visitedBranchPoints="0" sequenceCoverage="100.0" branchCoverage="0" maxCyclomaticComplexity="0" minCyclomaticComplexity="0" maxCrapScore="0" minCrapScore="0" visitedClasses="0" numClasses="0" visitedMethods="1" numMethods="1" />
              <MetadataToken>100663808</MetadataToken>
              <Name>System.Void Main.RXs.RXsValueOperatorExtension/RXsCollectionToOperator/EventArgs::set_Collection(Main.RXs.IRXsCollection_Readonly)</Name>
              <FileRef uid="54" />
              <SequencePoints>
                <SequencePoint vc="27" uspid="3010" ordinal="0" offset="0" sl="82" sc="66" el="82" ec="66" bec="0" bev="0" fileid="54" />
              </SequencePoints>
              <BranchPoints />
            </Method>
            <Method visited="true" cyclomaticComplexity="0" nPathComplexity="0" sequenceCoverage="100.0" branchCoverage="0" crapScore="0" isConstructor="false" isStatic="false" isGetter="false" isSetter="true">
              <Summary numSequencePoints="1" visitedSequencePoints="1" numBranchPoints="0" visitedBranchPoints="0" sequenceCoverage="100.0" branchCoverage="0" maxCyclomaticComplexity="0" minCyclomaticComplexity="0" maxCrapScore="0" minCrapScore="0" visitedClasses="0" numClasses="0" visitedMethods="1" numMethods="1" />
              <MetadataToken>100663810</MetadataToken>
              <Name>System.Void Main.RXs.RXsValueOperatorExtension/RXsCollectionToOperator/EventArgs::set_Index(System.Int32)</Name>
              <FileRef uid="54" />
              <SequencePoints>
                <SequencePoint vc="27" uspid="3012" ordinal="0" offset="0" sl="83" sc="41" el="83" ec="41" bec="0" bev="0" fileid="54" />
              </SequencePoints>
              <BranchPoints />
            </Method>
            <Method visited="true" cyclomaticComplexity="0" nPathComplexity="0" sequenceCoverage="100.0" branchCoverage="0" crapScore="0" isConstructor="false" isStatic="false" isGetter="true" isSetter="false">
              <Summary numSequencePoints="1" visitedSequencePoints="1" numBranchPoints="0" visitedBranchPoints="0" sequenceCoverage="100.0" branchCoverage="0" maxCyclomaticComplexity="0" minCyclomaticComplexity="0" maxCrapScore="0" minCrapScore="0" visitedClasses="0" numClasses="0" visitedMethods="1" numMethods="1" />
              <MetadataToken>100663811</MetadataToken>
              <Name>System.Object Main.RXs.RXsValueOperatorExtension/RXsCollectionToOperator/EventArgs::get_Item()</Name>
              <FileRef uid="54" />
              <SequencePoints>
                <SequencePoint vc="27" uspid="3013" ordinal="0" offset="0" sl="84" sc="38" el="84" ec="38" bec="0" bev="0" fileid="54" />
              </SequencePoints>
              <BranchPoints />
            </Method>
            <Method visited="true" cyclomaticComplexity="0" nPathComplexity="0" sequenceCoverage="100.0" branchCoverage="0" crapScore="0" isConstructor="false" isStatic="false" isGetter="false" isSetter="true">
              <Summary numSequencePoints="1" visitedSequencePoints="1" numBranchPoints="0" visitedBranchPoints="0" sequenceCoverage="100.0" branchCoverage="0" maxCyclomaticComplexity="0" minCyclomaticComplexity="0" maxCrapScore="0" minCrapScore="0" visitedClasses="0" numClasses="0" visitedMethods="1" numMethods="1" />
              <MetadataToken>100663812</MetadataToken>
              <Name>System.Void Main.RXs.RXsValueOperatorExtension/RXsCollectionToOperator/EventArgs::set_Item(System.Object)</Name>
              <FileRef uid="54" />
              <SequencePoints>
                <SequencePoint vc="27" uspid="3014" ordinal="0" offset="0" sl="84" sc="43" el="84" ec="43" bec="0" bev="0" fileid="54" />
              </SequencePoints>
              <BranchPoints />
            </Method>
            <Method visited="true" cyclomaticComplexity="0" nPathComplexity="0" sequenceCoverage="100.0" branchCoverage="0" crapScore="0" isConstructor="false" isStatic="true" isGetter="false" isSetter="false">
              <Summary numSequencePoints="7" visitedSequencePoints="7" numBranchPoints="0" visitedBranchPoints="0" sequenceCoverage="100.0" branchCoverage="0" maxCyclomaticComplexity="0" minCyclomaticComplexity="0" maxCrapScore="0" minCrapScore="0" visitedClasses="0" numClasses="0" visitedMethods="1" numMethods="1" />
              <MetadataToken>100663813</MetadataToken>
              <Name>static Main.RXs.RXsValueOperatorExtension/RXsCollectionToOperator/EventArgs Main.RXs.RXsValueOperatorExtension/RXsCollectionToOperator/EventArgs::GetFromReusePool(Main.RXs.IRXsCollection_Readonly, System.Int32, System.Object)</Name>
              <FileRef uid="54" />
              <SequencePoints>
                <SequencePoint vc="27" uspid="3015" ordinal="0" offset="0" sl="86" sc="17" el="86" ec="17" bec="0" bev="0" fileid="54" />
                <SequencePoint vc="27" uspid="3016" ordinal="0" offset="1" sl="87" sc="21" el="87" ec="21" bec="0" bev="0" fileid="54" />
                <SequencePoint vc="27" uspid="3017" ordinal="0" offset="8" sl="88" sc="21" el="88" ec="21" bec="0" bev="0" fileid="54" />
                <SequencePoint vc="27" uspid="3018" ordinal="0" offset="16" sl="89" sc="21" el="89" ec="21" bec="0" bev="0" fileid="54" />
                <SequencePoint vc="27" uspid="3019" ordinal="0" offset="24" sl="90" sc="21" el="90" ec="21" bec="0" bev="0" fileid="54" />
                <SequencePoint vc="27" uspid="3020" ordinal="0" offset="32" sl="91" sc="21" el="91" ec="21" bec="0" bev="0" fileid="54" />
                <SequencePoint vc="27" uspid="3021" ordinal="0" offset="36" sl="92" sc="17" el="92" ec="17" bec="0" bev="0" fileid="54" />
              </SequencePoints>
              <BranchPoints />
            </Method>
            <Method visited="true" cyclomaticComplexity="0" nPathComplexity="0" sequenceCoverage="100.0" branchCoverage="0" crapScore="0" isConstructor="false" isStatic="false" isGetter="false" isSetter="false">
              <Summary numSequencePoints="1" visitedSequencePoints="1" numBranchPoints="0" visitedBranchPoints="0" sequenceCoverage="100.0" branchCoverage="0" maxCyclomaticComplexity="0" minCyclomaticComplexity="0" maxCrapScore="0" minCrapScore="0" visitedClasses="0" numClasses="0" visitedMethods="1" numMethods="1" />
              <MetadataToken>100663814</MetadataToken>
              <Name>System.Void Main.RXs.RXsValueOperatorExtension/RXsCollectionToOperator/EventArgs.System.IDisposable::Dispose()</Name>
              <FileRef uid="54" />
              <SequencePoints>
                <SequencePoint vc="27" uspid="3022" ordinal="0" offset="0" sl="93" sc="47" el="93" ec="47" bec="0" bev="0" fileid="54" />
              </SequencePoints>
              <BranchPoints />
            </Method>
          </Methods>
        </Class>
        <Class>
          <Summary numSequencePoints="14" visitedSequencePoints="12" numBranchPoints="0" visitedBranchPoints="0" sequenceCoverage="85.71" branchCoverage="0.0" maxCyclomaticComplexity="0" minCyclomaticComplexity="0" maxCrapScore="0" minCrapScore="0" visitedClasses="1" numClasses="1" visitedMethods="6" numMethods="8" />
          <FullName>Main.RXs.RXsValueOperatorExtensionRXsPropertyToOperator[TSource]/EventArgs</FullName>
          <Methods>
            <Method visited="false" cyclomaticComplexity="0" nPathComplexity="0" sequenceCoverage="0.0" branchCoverage="0" crapScore="0" isConstructor="false" isStatic="false" isGetter="true" isSetter="false">
              <Summary numSequencePoints="1" visitedSequencePoints="0" numBranchPoints="0" visitedBranchPoints="0" sequenceCoverage="0.0" branchCoverage="0" maxCyclomaticComplexity="0" minCyclomaticComplexity="0" maxCrapScore="0" minCrapScore="0" visitedClasses="0" numClasses="0" visitedMethods="0" numMethods="1" />
              <MetadataToken>100663816</MetadataToken>
              <Name>Main.RXs.IRXsProperty_Readonly[TSource] Main.RXs.RXsValueOperatorExtensionRXsPropertyToOperator[TSource]/EventArgs::get_Property()</Name>
              <FileRef uid="57" />
              <SequencePoints>
                <SequencePoint vc="0" uspid="3023" ordinal="0" offset="0" sl="28" sc="0" el="28" ec="0" bec="0" bev="0" fileid="57" />
              </SequencePoints>
              <BranchPoints />
            </Method>
            <Method visited="true" cyclomaticComplexity="0" nPathComplexity="0" sequenceCoverage="100.0" branchCoverage="0" crapScore="0" isConstructor="false" isStatic="false" isGetter="false" isSetter="true">
              <Summary numSequencePoints="1" visitedSequencePoints="1" numBranchPoints="0" visitedBranchPoints="0" sequenceCoverage="100.0" branchCoverage="0" maxCyclomaticComplexity="0" minCyclomaticComplexity="0" maxCrapScore="0" minCrapScore="0" visitedClasses="0" numClasses="0" visitedMethods="1" numMethods="1" />
              <MetadataToken>100663817</MetadataToken>
              <Name>System.Void Main.RXs.RXsValueOperatorExtensionRXsPropertyToOperator[TSource]/EventArgs::set_Property(Main.RXs.IRXsProperty_Readonly[TSource])</Name>
              <FileRef uid="57" />
              <SequencePoints>
                <SequencePoint vc="2" uspid="3024" ordinal="0" offset="0" sl="28" sc="0" el="28" ec="0" bec="0" bev="0" fileid="57" />
              </SequencePoints>
              <BranchPoints />
            </Method>
            <Method visited="false" cyclomaticComplexity="0" nPathComplexity="0" sequenceCoverage="0.0" branchCoverage="0" crapScore="0" isConstructor="false" isStatic="false" isGetter="true" isSetter="false">
              <Summary numSequencePoints="1" visitedSequencePoints="0" numBranchPoints="0" visitedBranchPoints="0" sequenceCoverage="0.0" branchCoverage="0" maxCyclomaticComplexity="0" minCyclomaticComplexity="0" maxCrapScore="0" minCrapScore="0" visitedClasses="0" numClasses="0" visitedMethods="0" numMethods="1" />
              <MetadataToken>100663818</MetadataToken>
              <Name>TSource Main.RXs.RXsValueOperatorExtensionRXsPropertyToOperator[TSource]/EventArgs::get_Previous()</Name>
              <FileRef uid="57" />
              <SequencePoints>
                <SequencePoint vc="0" uspid="3025" ordinal="0" offset="0" sl="29" sc="0" el="29" ec="0" bec="0" bev="0" fileid="57" />
              </SequencePoints>
              <BranchPoints />
            </Method>
            <Method visited="true" cyclomaticComplexity="0" nPathComplexity="0" sequenceCoverage="100.0" branchCoverage="0" crapScore="0" isConstructor="false" isStatic="false" isGetter="false" isSetter="true">
              <Summary numSequencePoints="1" visitedSequencePoints="1" numBranchPoints="0" visitedBranchPoints="0" sequenceCoverage="100.0" branchCoverage="0" maxCyclomaticComplexity="0" minCyclomaticComplexity="0" maxCrapScore="0" minCrapScore="0" visitedClasses="0" numClasses="0" visitedMethods="1" numMethods="1" />
              <MetadataToken>100663819</MetadataToken>
              <Name>System.Void Main.RXs.RXsValueOperatorExtensionRXsPropertyToOperator[TSource]/EventArgs::set_Previous(TSource)</Name>
              <FileRef uid="57" />
              <SequencePoints>
                <SequencePoint vc="2" uspid="3026" ordinal="0" offset="0" sl="29" sc="0" el="29" ec="0" bec="0" bev="0" fileid="57" />
              </SequencePoints>
              <BranchPoints />
            </Method>
            <Method visited="true" cyclomaticComplexity="0" nPathComplexity="0" sequenceCoverage="100.0" branchCoverage="0" crapScore="0" isConstructor="false" isStatic="false" isGetter="true" isSetter="false">
              <Summary numSequencePoints="1" visitedSequencePoints="1" numBranchPoints="0" visitedBranchPoints="0" sequenceCoverage="100.0" branchCoverage="0" maxCyclomaticComplexity="0" minCyclomaticComplexity="0" maxCrapScore="0" minCrapScore="0" visitedClasses="0" numClasses="0" visitedMethods="1" numMethods="1" />
              <MetadataToken>100663820</MetadataToken>
              <Name>TSource Main.RXs.RXsValueOperatorExtensionRXsPropertyToOperator[TSource]/EventArgs::get_Current()</Name>
              <FileRef uid="57" />
              <SequencePoints>
                <SequencePoint vc="2" uspid="3027" ordinal="0" offset="0" sl="30" sc="0" el="30" ec="0" bec="0" bev="0" fileid="57" />
              </SequencePoints>
              <BranchPoints />
            </Method>
            <Method visited="true" cyclomaticComplexity="0" nPathComplexity="0" sequenceCoverage="100.0" branchCoverage="0" crapScore="0" isConstructor="false" isStatic="false" isGetter="false" isSetter="true">
              <Summary numSequencePoints="1" visitedSequencePoints="1" numBranchPoints="0" visitedBranchPoints="0" sequenceCoverage="100.0" branchCoverage="0" maxCyclomaticComplexity="0" minCyclomaticComplexity="0" maxCrapScore="0" minCrapScore="0" visitedClasses="0" numClasses="0" visitedMethods="1" numMethods="1" />
              <MetadataToken>100663821</MetadataToken>
              <Name>System.Void Main.RXs.RXsValueOperatorExtensionRXsPropertyToOperator[TSource]/EventArgs::set_Current(TSource)</Name>
              <FileRef uid="57" />
              <SequencePoints>
                <SequencePoint vc="2" uspid="3028" ordinal="0" offset="0" sl="30" sc="0" el="30" ec="0" bec="0" bev="0" fileid="57" />
              </SequencePoints>
              <BranchPoints />
            </Method>
            <Method visited="true" cyclomaticComplexity="0" nPathComplexity="0" sequenceCoverage="100.0" branchCoverage="0" crapScore="0" isConstructor="false" isStatic="true" isGetter="false" isSetter="false">
              <Summary numSequencePoints="7" visitedSequencePoints="7" numBranchPoints="0" visitedBranchPoints="0" sequenceCoverage="100.0" branchCoverage="0" maxCyclomaticComplexity="0" minCyclomaticComplexity="0" maxCrapScore="0" minCrapScore="0" visitedClasses="0" numClasses="0" visitedMethods="1" numMethods="1" />
              <MetadataToken>100663822</MetadataToken>
              <Name>static Main.RXs.RXsValueOperatorExtensionRXsPropertyToOperator[TSource]/EventArgs Main.RXs.RXsValueOperatorExtensionRXsPropertyToOperator[TSource]/EventArgs::GetFromReusePool(Main.RXs.IRXsProperty_Readonly[TSource], TSource, TSource)</Name>
              <FileRef uid="57" />
              <SequencePoints>
                <SequencePoint vc="2" uspid="3029" ordinal="0" offset="0" sl="32" sc="0" el="32" ec="0" bec="0" bev="0" fileid="57" />
                <SequencePoint vc="2" uspid="3030" ordinal="0" offset="1" sl="33" sc="0" el="33" ec="0" bec="0" bev="0" fileid="57" />
                <SequencePoint vc="2" uspid="3031" ordinal="0" offset="8" sl="34" sc="0" el="34" ec="0" bec="0" bev="0" fileid="57" />
                <SequencePoint vc="2" uspid="3032" ordinal="0" offset="16" sl="35" sc="0" el="35" ec="0" bec="0" bev="0" fileid="57" />
                <SequencePoint vc="2" uspid="3033" ordinal="0" offset="24" sl="36" sc="0" el="36" ec="0" bec="0" bev="0" fileid="57" />
                <SequencePoint vc="2" uspid="3034" ordinal="0" offset="32" sl="37" sc="0" el="37" ec="0" bec="0" bev="0" fileid="57" />
                <SequencePoint vc="2" uspid="3035" ordinal="0" offset="36" sl="38" sc="0" el="38" ec="0" bec="0" bev="0" fileid="57" />
              </SequencePoints>
              <BranchPoints />
            </Method>
            <Method visited="true" cyclomaticComplexity="0" nPathComplexity="0" sequenceCoverage="100.0" branchCoverage="0" crapScore="0" isConstructor="false" isStatic="false" isGetter="false" isSetter="false">
              <Summary numSequencePoints="1" visitedSequencePoints="1" numBranchPoints="0" visitedBranchPoints="0" sequenceCoverage="100.0" branchCoverage="0" maxCyclomaticComplexity="0" minCyclomaticComplexity="0" maxCrapScore="0" minCrapScore="0" visitedClasses="0" numClasses="0" visitedMethods="1" numMethods="1" />
              <MetadataToken>100663823</MetadataToken>
              <Name>System.Void Main.RXs.RXsValueOperatorExtensionRXsPropertyToOperator[TSource]/EventArgs.System.IDisposable::Dispose()</Name>
              <FileRef uid="57" />
              <SequencePoints>
                <SequencePoint vc="2" uspid="3036" ordinal="0" offset="0" sl="39" sc="0" el="39" ec="0" bec="0" bev="0" fileid="57" />
              </SequencePoints>
              <BranchPoints />
            </Method>
          </Methods>
        </Class>
      </Classes>
    </Module>
  </Modules>
</CoverageSession>